{"/home/travis/build/npmtest/node-npmtest-odbc/test.js":{"path":"/home/travis/build/npmtest/node-npmtest-odbc/test.js","s":{"1":2,"2":2,"3":2,"4":2,"5":2,"6":2,"7":2,"8":1,"9":2,"10":2,"11":1,"12":1,"13":1,"14":1,"15":2,"16":2,"17":2,"18":2,"19":1,"20":1,"21":2,"22":2,"23":2,"24":1,"25":1,"26":1,"27":1,"28":1,"29":1,"30":1,"31":1,"32":1,"33":1,"34":1,"35":1,"36":1,"37":1,"38":1,"39":2,"40":2,"41":1,"42":2,"43":2,"44":1,"45":2,"46":2,"47":1,"48":2,"49":2,"50":1,"51":1,"52":1,"53":1,"54":1},"b":{"1":[2,1,1,1],"2":[1,1,1,1],"3":[1,1],"4":[1,1],"5":[1,1],"6":[1,1],"7":[1,1],"8":[1,1],"9":[1,1],"10":[1,1,1],"11":[1,1],"12":[1,1],"13":[1,1],"14":[1,1],"15":[1,1],"16":[1,1],"17":[1,1]},"f":{"1":2,"2":2,"3":2,"4":2,"5":2,"6":1,"7":1,"8":1,"9":2,"10":2,"11":2,"12":2,"13":1},"fnMap":{"1":{"name":"(anonymous_1)","line":12,"loc":{"start":{"line":12,"column":1},"end":{"line":12,"column":13}}},"2":{"name":"(anonymous_2)","line":19,"loc":{"start":{"line":19,"column":5},"end":{"line":19,"column":17}}},"3":{"name":"(anonymous_3)","line":23,"loc":{"start":{"line":23,"column":24},"end":{"line":23,"column":36}}},"4":{"name":"(anonymous_4)","line":61,"loc":{"start":{"line":61,"column":5},"end":{"line":61,"column":17}}},"5":{"name":"(anonymous_5)","line":82,"loc":{"start":{"line":82,"column":5},"end":{"line":82,"column":17}}},"6":{"name":"(anonymous_6)","line":91,"loc":{"start":{"line":91,"column":77},"end":{"line":94,"column":10}}},"7":{"name":"(anonymous_7)","line":112,"loc":{"start":{"line":112,"column":83},"end":{"line":115,"column":10}},"skip":true},"8":{"name":"(anonymous_8)","line":123,"loc":{"start":{"line":123,"column":77},"end":{"line":126,"column":10}},"skip":true},"9":{"name":"(anonymous_9)","line":139,"loc":{"start":{"line":139,"column":12},"end":{"line":139,"column":40}},"skip":true},"10":{"name":"(anonymous_10)","line":147,"loc":{"start":{"line":147,"column":77},"end":{"line":150,"column":10}},"skip":true},"11":{"name":"(anonymous_11)","line":158,"loc":{"start":{"line":158,"column":83},"end":{"line":161,"column":10}},"skip":true},"12":{"name":"(anonymous_12)","line":169,"loc":{"start":{"line":169,"column":79},"end":{"line":172,"column":10}},"skip":true},"13":{"name":"(anonymous_13)","line":180,"loc":{"start":{"line":180,"column":75},"end":{"line":183,"column":10}},"skip":true}},"statementMap":{"1":{"start":{"line":12,"column":0},"end":{"line":195,"column":5}},"2":{"start":{"line":14,"column":4},"end":{"line":14,"column":14}},"3":{"start":{"line":19,"column":4},"end":{"line":56,"column":9}},"4":{"start":{"line":21,"column":8},"end":{"line":21,"column":19}},"5":{"start":{"line":23,"column":8},"end":{"line":35,"column":13}},"6":{"start":{"line":24,"column":12},"end":{"line":34,"column":13}},"7":{"start":{"line":25,"column":16},"end":{"line":28,"column":30}},"8":{"start":{"line":30,"column":16},"end":{"line":33,"column":27}},"9":{"start":{"line":37,"column":8},"end":{"line":39,"column":21}},"10":{"start":{"line":40,"column":8},"end":{"line":53,"column":9}},"11":{"start":{"line":43,"column":12},"end":{"line":46,"column":14}},"12":{"start":{"line":47,"column":12},"end":{"line":47,"column":18}},"13":{"start":{"line":50,"column":12},"end":{"line":51,"column":46}},"14":{"start":{"line":52,"column":12},"end":{"line":52,"column":18}},"15":{"start":{"line":55,"column":8},"end":{"line":55,"column":35}},"16":{"start":{"line":61,"column":4},"end":{"line":63,"column":9}},"17":{"start":{"line":62,"column":8},"end":{"line":62,"column":15}},"18":{"start":{"line":64,"column":4},"end":{"line":77,"column":5}},"19":{"start":{"line":70,"column":8},"end":{"line":70,"column":14}},"20":{"start":{"line":76,"column":8},"end":{"line":76,"column":14}},"21":{"start":{"line":82,"column":4},"end":{"line":84,"column":9}},"22":{"start":{"line":83,"column":8},"end":{"line":83,"column":15}},"23":{"start":{"line":85,"column":4},"end":{"line":194,"column":5}},"24":{"start":{"line":91,"column":8},"end":{"line":99,"column":10}},"25":{"start":{"line":98,"column":12},"end":{"line":98,"column":35}},"26":{"start":{"line":102,"column":8},"end":{"line":104,"column":63}},"27":{"start":{"line":105,"column":8},"end":{"line":105,"column":14}},"28":{"start":{"line":112,"column":8},"end":{"line":121,"column":10},"skip":true},"29":{"start":{"line":119,"column":12},"end":{"line":119,"column":55},"skip":true},"30":{"start":{"line":120,"column":12},"end":{"line":120,"column":48},"skip":true},"31":{"start":{"line":123,"column":8},"end":{"line":136,"column":10},"skip":true},"32":{"start":{"line":130,"column":12},"end":{"line":130,"column":76},"skip":true},"33":{"start":{"line":131,"column":12},"end":{"line":131,"column":73},"skip":true},"34":{"start":{"line":132,"column":12},"end":{"line":132,"column":74},"skip":true},"35":{"start":{"line":133,"column":12},"end":{"line":133,"column":79},"skip":true},"36":{"start":{"line":134,"column":12},"end":{"line":134,"column":25},"skip":true},"37":{"start":{"line":135,"column":12},"end":{"line":135,"column":45},"skip":true},"38":{"start":{"line":138,"column":8},"end":{"line":145,"column":14},"skip":true},"39":{"start":{"line":143,"column":16},"end":{"line":143,"column":29},"skip":true},"40":{"start":{"line":144,"column":16},"end":{"line":144,"column":55},"skip":true},"41":{"start":{"line":147,"column":8},"end":{"line":156,"column":10},"skip":true},"42":{"start":{"line":154,"column":12},"end":{"line":154,"column":25},"skip":true},"43":{"start":{"line":155,"column":12},"end":{"line":155,"column":45},"skip":true},"44":{"start":{"line":158,"column":8},"end":{"line":167,"column":10},"skip":true},"45":{"start":{"line":165,"column":12},"end":{"line":165,"column":25},"skip":true},"46":{"start":{"line":166,"column":12},"end":{"line":166,"column":48},"skip":true},"47":{"start":{"line":169,"column":8},"end":{"line":178,"column":10},"skip":true},"48":{"start":{"line":176,"column":12},"end":{"line":176,"column":25},"skip":true},"49":{"start":{"line":177,"column":12},"end":{"line":177,"column":46},"skip":true},"50":{"start":{"line":180,"column":8},"end":{"line":189,"column":10},"skip":true},"51":{"start":{"line":187,"column":12},"end":{"line":187,"column":94},"skip":true},"52":{"start":{"line":188,"column":12},"end":{"line":188,"column":48},"skip":true},"53":{"start":{"line":192,"column":8},"end":{"line":192,"column":35},"skip":true},"54":{"start":{"line":193,"column":8},"end":{"line":193,"column":14},"skip":true}},"branchMap":{"1":{"line":25,"type":"binary-expr","locations":[{"start":{"line":25,"column":23},"end":{"line":25,"column":62}},{"start":{"line":26,"column":20},"end":{"line":26,"column":70}},{"start":{"line":27,"column":20},"end":{"line":27,"column":71}},{"start":{"line":28,"column":20},"end":{"line":28,"column":29}}]},"2":{"line":30,"type":"binary-expr","locations":[{"start":{"line":30,"column":23},"end":{"line":30,"column":37}},{"start":{"line":31,"column":20},"end":{"line":31,"column":61}},{"start":{"line":32,"column":20},"end":{"line":32,"column":70}},{"start":{"line":33,"column":20},"end":{"line":33,"column":26}}]},"3":{"line":37,"type":"cond-expr","locations":[{"start":{"line":38,"column":14},"end":{"line":38,"column":20}},{"start":{"line":39,"column":14},"end":{"line":39,"column":20}}]},"4":{"line":40,"type":"switch","locations":[{"start":{"line":42,"column":8},"end":{"line":47,"column":18}},{"start":{"line":49,"column":8},"end":{"line":52,"column":18}}]},"5":{"line":44,"type":"binary-expr","locations":[{"start":{"line":44,"column":16},"end":{"line":44,"column":44}},{"start":{"line":44,"column":48},"end":{"line":44,"column":66}}]},"6":{"line":50,"type":"binary-expr","locations":[{"start":{"line":50,"column":21},"end":{"line":50,"column":49}},{"start":{"line":50,"column":53},"end":{"line":50,"column":72}}]},"7":{"line":64,"type":"switch","locations":[{"start":{"line":69,"column":4},"end":{"line":70,"column":14}},{"start":{"line":75,"column":4},"end":{"line":76,"column":14}}]},"8":{"line":85,"type":"switch","locations":[{"start":{"line":90,"column":4},"end":{"line":105,"column":14}},{"start":{"line":111,"column":4},"end":{"line":193,"column":14},"skip":true}]},"9":{"line":91,"type":"binary-expr","locations":[{"start":{"line":91,"column":42},"end":{"line":91,"column":73}},{"start":{"line":91,"column":77},"end":{"line":99,"column":9}}]},"10":{"line":102,"type":"binary-expr","locations":[{"start":{"line":102,"column":18},"end":{"line":102,"column":32}},{"start":{"line":103,"column":12},"end":{"line":103,"column":53}},{"start":{"line":104,"column":12},"end":{"line":104,"column":61}}]},"11":{"line":112,"type":"binary-expr","locations":[{"start":{"line":112,"column":45},"end":{"line":112,"column":79},"skip":true},{"start":{"line":112,"column":83},"end":{"line":121,"column":9},"skip":true}]},"12":{"line":123,"type":"binary-expr","locations":[{"start":{"line":123,"column":42},"end":{"line":123,"column":73},"skip":true},{"start":{"line":123,"column":77},"end":{"line":136,"column":9},"skip":true}]},"13":{"line":138,"type":"binary-expr","locations":[{"start":{"line":138,"column":48},"end":{"line":138,"column":85},"skip":true},{"start":{"line":139,"column":12},"end":{"line":145,"column":13},"skip":true}]},"14":{"line":147,"type":"binary-expr","locations":[{"start":{"line":147,"column":42},"end":{"line":147,"column":73},"skip":true},{"start":{"line":147,"column":77},"end":{"line":156,"column":9},"skip":true}]},"15":{"line":158,"type":"binary-expr","locations":[{"start":{"line":158,"column":45},"end":{"line":158,"column":79},"skip":true},{"start":{"line":158,"column":83},"end":{"line":167,"column":9},"skip":true}]},"16":{"line":169,"type":"binary-expr","locations":[{"start":{"line":169,"column":43},"end":{"line":169,"column":75},"skip":true},{"start":{"line":169,"column":79},"end":{"line":178,"column":9},"skip":true}]},"17":{"line":180,"type":"binary-expr","locations":[{"start":{"line":180,"column":41},"end":{"line":180,"column":71},"skip":true},{"start":{"line":180,"column":75},"end":{"line":189,"column":9},"skip":true}]}},"code":["/* istanbul instrument in package npmtest_odbc */","/*jslint","    bitwise: true,","    browser: true,","    maxerr: 8,","    maxlen: 96,","    node: true,","    nomen: true,","    regexp: true,","    stupid: true","*/","(function () {","    'use strict';","    var local;","","","","    // run shared js-env code - pre-init","    (function () {","        // init local","        local = {};","        // init modeJs","        local.modeJs = (function () {","            try {","                return typeof navigator.userAgent === 'string' &&","                    typeof document.querySelector('body') === 'object' &&","                    typeof XMLHttpRequest.prototype.open === 'function' &&","                    'browser';","            } catch (errorCaughtBrowser) {","                return module.exports &&","                    typeof process.versions.node === 'string' &&","                    typeof require('http').createServer === 'function' &&","                    'node';","            }","        }());","        // init global","        local.global = local.modeJs === 'browser'","            ? window","            : global;","        switch (local.modeJs) {","        // re-init local from window.local","        case 'browser':","            local = local.global.utility2.objectSetDefault(","                local.global.utility2_rollup || local.global.local,","                local.global.utility2","            );","            break;","        // re-init local from example.js","        case 'node':","            local = (local.global.utility2_rollup || require('utility2'))","                .requireExampleJsFromReadme();","            break;","        }","        // export local","        local.global.local = local;","    }());","","","","    // run shared js-env code - function","    (function () {","        return;","    }());","    switch (local.modeJs) {","","","","    // run browser js-env code - function","    case 'browser':","        break;","","","","    // run node js-env code - function","    case 'node':","        break;","    }","","","","    // run shared js-env code - post-init","    (function () {","        return;","    }());","    switch (local.modeJs) {","","","","    // run browser js-env code - post-init","    case 'browser':","        local.testCase_browser_nullCase = local.testCase_browser_nullCase || function (","            options,","            onError","        ) {","        /*","         * this function will test browsers's null-case handling-behavior-behavior","         */","            onError(null, options);","        };","","        // run tests","        local.nop(local.modeTest &&","            document.querySelector('#testRunButton1') &&","            document.querySelector('#testRunButton1').click());","        break;","","","","    // run node js-env code - post-init","    /* istanbul ignore next */","    case 'node':","        local.testCase_buildApidoc_default = local.testCase_buildApidoc_default || function (","            options,","            onError","        ) {","        /*","         * this function will test buildApidoc's default handling-behavior-behavior","         */","            options = { modulePathList: module.paths };","            local.buildApidoc(options, onError);","        };","","        local.testCase_buildApp_default = local.testCase_buildApp_default || function (","            options,","            onError","        ) {","        /*","         * this function will test buildApp's default handling-behavior-behavior","         */","            local.testCase_buildReadme_default(options, local.onErrorThrow);","            local.testCase_buildLib_default(options, local.onErrorThrow);","            local.testCase_buildTest_default(options, local.onErrorThrow);","            local.testCase_buildCustomOrg_default(options, local.onErrorThrow);","            options = [];","            local.buildApp(options, onError);","        };","","        local.testCase_buildCustomOrg_default = local.testCase_buildCustomOrg_default ||","            function (options, onError) {","            /*","             * this function will test buildCustomOrg's default handling-behavior","             */","                options = {};","                local.buildCustomOrg(options, onError);","            };","","        local.testCase_buildLib_default = local.testCase_buildLib_default || function (","            options,","            onError","        ) {","        /*","         * this function will test buildLib's default handling-behavior","         */","            options = {};","            local.buildLib(options, onError);","        };","","        local.testCase_buildReadme_default = local.testCase_buildReadme_default || function (","            options,","            onError","        ) {","        /*","         * this function will test buildReadme's default handling-behavior-behavior","         */","            options = {};","            local.buildReadme(options, onError);","        };","","        local.testCase_buildTest_default = local.testCase_buildTest_default || function (","            options,","            onError","        ) {","        /*","         * this function will test buildTest's default handling-behavior","         */","            options = {};","            local.buildTest(options, onError);","        };","","        local.testCase_webpage_default = local.testCase_webpage_default || function (","            options,","            onError","        ) {","        /*","         * this function will test webpage's default handling-behavior","         */","            options = { modeCoverageMerge: true, url: local.serverLocalHost + '?modeTest=1' };","            local.browserTest(options, onError);","        };","","        // run test-server","        local.testRunServer(local);","        break;","    }","}());",""],"l":{"12":2,"14":2,"19":2,"21":2,"23":2,"24":2,"25":2,"30":1,"37":2,"40":2,"43":1,"47":1,"50":1,"52":1,"55":2,"61":2,"62":2,"64":2,"70":1,"76":1,"82":2,"83":2,"85":2,"91":1,"98":1,"102":1,"105":1,"112":1,"119":1,"120":1,"123":1,"130":1,"131":1,"132":1,"133":1,"134":1,"135":1,"138":1,"143":2,"144":2,"147":1,"154":2,"155":2,"158":1,"165":2,"166":2,"169":1,"176":2,"177":2,"180":1,"187":1,"188":1,"192":1,"193":1}},"/home/travis/build/npmtest/node-npmtest-odbc/lib.npmtest_odbc.js":{"path":"/home/travis/build/npmtest/node-npmtest-odbc/lib.npmtest_odbc.js","s":{"1":2,"2":2,"3":2,"4":2,"5":2,"6":2,"7":2,"8":1,"9":2,"10":2,"11":2,"12":2,"13":1,"14":1,"15":1,"16":1},"b":{"1":[2,1,1,1],"2":[1,1,1,1],"3":[1,1],"4":[2,2],"5":[1,1]},"f":{"1":2,"2":2,"3":2},"fnMap":{"1":{"name":"(anonymous_1)","line":12,"loc":{"start":{"line":12,"column":1},"end":{"line":12,"column":13}}},"2":{"name":"(anonymous_2)","line":19,"loc":{"start":{"line":19,"column":5},"end":{"line":19,"column":17}}},"3":{"name":"(anonymous_3)","line":23,"loc":{"start":{"line":23,"column":24},"end":{"line":23,"column":36}}}},"statementMap":{"1":{"start":{"line":12,"column":0},"end":{"line":53,"column":5}},"2":{"start":{"line":14,"column":4},"end":{"line":14,"column":14}},"3":{"start":{"line":19,"column":4},"end":{"line":52,"column":9}},"4":{"start":{"line":21,"column":8},"end":{"line":21,"column":19}},"5":{"start":{"line":23,"column":8},"end":{"line":35,"column":13}},"6":{"start":{"line":24,"column":12},"end":{"line":34,"column":13}},"7":{"start":{"line":25,"column":16},"end":{"line":28,"column":30}},"8":{"start":{"line":30,"column":16},"end":{"line":33,"column":27}},"9":{"start":{"line":37,"column":8},"end":{"line":39,"column":21}},"10":{"start":{"line":41,"column":8},"end":{"line":41,"column":54}},"11":{"start":{"line":43,"column":8},"end":{"line":43,"column":49}},"12":{"start":{"line":45,"column":8},"end":{"line":51,"column":9}},"13":{"start":{"line":46,"column":12},"end":{"line":46,"column":55}},"14":{"start":{"line":48,"column":12},"end":{"line":48,"column":35}},"15":{"start":{"line":49,"column":12},"end":{"line":49,"column":49}},"16":{"start":{"line":50,"column":12},"end":{"line":50,"column":43}}},"branchMap":{"1":{"line":25,"type":"binary-expr","locations":[{"start":{"line":25,"column":23},"end":{"line":25,"column":62}},{"start":{"line":26,"column":20},"end":{"line":26,"column":70}},{"start":{"line":27,"column":20},"end":{"line":27,"column":71}},{"start":{"line":28,"column":20},"end":{"line":28,"column":29}}]},"2":{"line":30,"type":"binary-expr","locations":[{"start":{"line":30,"column":23},"end":{"line":30,"column":37}},{"start":{"line":31,"column":20},"end":{"line":31,"column":61}},{"start":{"line":32,"column":20},"end":{"line":32,"column":70}},{"start":{"line":33,"column":20},"end":{"line":33,"column":26}}]},"3":{"line":37,"type":"cond-expr","locations":[{"start":{"line":38,"column":14},"end":{"line":38,"column":20}},{"start":{"line":39,"column":14},"end":{"line":39,"column":20}}]},"4":{"line":41,"type":"binary-expr","locations":[{"start":{"line":41,"column":16},"end":{"line":41,"column":44}},{"start":{"line":41,"column":48},"end":{"line":41,"column":53}}]},"5":{"line":45,"type":"if","locations":[{"start":{"line":45,"column":8},"end":{"line":45,"column":8}},{"start":{"line":45,"column":8},"end":{"line":45,"column":8}}]}},"code":["/* istanbul instrument in package npmtest_odbc */","/*jslint","    bitwise: true,","    browser: true,","    maxerr: 8,","    maxlen: 96,","    node: true,","    nomen: true,","    regexp: true,","    stupid: true","*/","(function () {","    'use strict';","    var local;","","","","    // run shared js-env code - pre-init","    (function () {","        // init local","        local = {};","        // init modeJs","        local.modeJs = (function () {","            try {","                return typeof navigator.userAgent === 'string' &&","                    typeof document.querySelector('body') === 'object' &&","                    typeof XMLHttpRequest.prototype.open === 'function' &&","                    'browser';","            } catch (errorCaughtBrowser) {","                return module.exports &&","                    typeof process.versions.node === 'string' &&","                    typeof require('http').createServer === 'function' &&","                    'node';","            }","        }());","        // init global","        local.global = local.modeJs === 'browser'","            ? window","            : global;","        // init utility2_rollup","        local = local.global.utility2_rollup || local;","        // init lib","        local.local = local.npmtest_odbc = local;","        // init exports","        if (local.modeJs === 'browser') {","            local.global.utility2_npmtest_odbc = local;","        } else {","            module.exports = local;","            module.exports.__dirname = __dirname;","            module.exports.module = module;","        }","    }());","}());",""],"l":{"12":2,"14":2,"19":2,"21":2,"23":2,"24":2,"25":2,"30":1,"37":2,"41":2,"43":2,"45":2,"46":1,"48":1,"49":1,"50":1}},"/home/travis/build/npmtest/node-npmtest-odbc/example.js":{"path":"/home/travis/build/npmtest/node-npmtest-odbc/example.js","s":{"1":2,"2":2,"3":2,"4":2,"5":2,"6":2,"7":2,"8":1,"9":2,"10":2,"11":2,"12":2,"13":1,"14":2,"15":2,"16":2,"17":2,"18":2,"19":0,"20":2,"21":1,"22":1,"23":1,"24":1,"25":1,"26":0,"27":0,"28":1,"29":1,"30":2,"31":0,"32":0,"33":0,"34":1,"35":2,"36":2,"37":3,"38":3,"39":3,"40":3,"41":0,"42":3,"43":3,"44":3,"45":1,"46":3,"47":1,"48":1,"49":1,"50":1,"51":1,"52":1,"53":1,"54":1,"55":1,"56":1,"57":0,"58":1,"59":6,"60":6,"61":1,"62":2,"63":0,"64":2,"65":1,"66":1,"67":0,"68":0,"69":0,"70":0,"71":0,"72":0,"73":0,"74":0,"75":0,"76":0,"77":0,"78":0,"79":0,"80":0,"81":0,"82":0,"83":0},"b":{"1":[2,1,1,1],"2":[1,1,1,1],"3":[1,1],"4":[2,2],"5":[1,1],"6":[1,1],"7":[2,0],"8":[2,1,1,1,1,1],"9":[0,2,0],"10":[1,1],"11":[2,1,1],"12":[1,0],"13":[0,2],"14":[2,0,0,0,0,0,0],"15":[0,3],"16":[3,0],"17":[1,1],"18":[0,1],"19":[1,2,0,2],"20":[1,0],"21":[1,1],"22":[0,0],"23":[0,0],"24":[0,0],"25":[0,0],"26":[0,0],"27":[0,0],"28":[0,0]},"f":{"1":2,"2":2,"3":2,"4":2,"5":2,"6":2,"7":3,"8":3,"9":3,"10":1,"11":6,"12":0},"fnMap":{"1":{"name":"(anonymous_1)","line":26,"loc":{"start":{"line":26,"column":1},"end":{"line":26,"column":13}}},"2":{"name":"(anonymous_2)","line":33,"loc":{"start":{"line":33,"column":5},"end":{"line":33,"column":17}}},"3":{"name":"(anonymous_3)","line":37,"loc":{"start":{"line":37,"column":24},"end":{"line":37,"column":36}}},"4":{"name":"(anonymous_4)","line":69,"loc":{"start":{"line":69,"column":31},"end":{"line":69,"column":48}},"skip":true},"5":{"name":"(anonymous_5)","line":78,"loc":{"start":{"line":78,"column":26},"end":{"line":78,"column":45}},"skip":true},"6":{"name":"(anonymous_6)","line":123,"loc":{"start":{"line":123,"column":33},"end":{"line":123,"column":48}},"skip":true},"7":{"name":"(anonymous_7)","line":125,"loc":{"start":{"line":125,"column":27},"end":{"line":125,"column":39}},"skip":true},"8":{"name":"(anonymous_8)","line":133,"loc":{"start":{"line":133,"column":59},"end":{"line":133,"column":74}},"skip":true},"9":{"name":"(anonymous_9)","line":143,"loc":{"start":{"line":143,"column":45},"end":{"line":143,"column":62}},"skip":true},"10":{"name":"(anonymous_10)","line":144,"loc":{"start":{"line":144,"column":73},"end":{"line":144,"column":92}},"skip":true},"11":{"name":"(anonymous_11)","line":272,"loc":{"start":{"line":272,"column":51},"end":{"line":272,"column":77}},"skip":true},"12":{"name":"(anonymous_12)","line":315,"loc":{"start":{"line":315,"column":32},"end":{"line":315,"column":61}},"skip":true}},"statementMap":{"1":{"start":{"line":26,"column":0},"end":{"line":326,"column":5}},"2":{"start":{"line":28,"column":4},"end":{"line":28,"column":14}},"3":{"start":{"line":33,"column":4},"end":{"line":60,"column":9}},"4":{"start":{"line":35,"column":8},"end":{"line":35,"column":19}},"5":{"start":{"line":37,"column":8},"end":{"line":49,"column":13}},"6":{"start":{"line":38,"column":12},"end":{"line":48,"column":13}},"7":{"start":{"line":39,"column":16},"end":{"line":42,"column":30}},"8":{"start":{"line":44,"column":16},"end":{"line":47,"column":27}},"9":{"start":{"line":51,"column":8},"end":{"line":53,"column":21}},"10":{"start":{"line":55,"column":8},"end":{"line":57,"column":45}},"11":{"start":{"line":59,"column":8},"end":{"line":59,"column":35}},"12":{"start":{"line":61,"column":4},"end":{"line":325,"column":5}},"13":{"start":{"line":69,"column":8},"end":{"line":121,"column":10},"skip":true},"14":{"start":{"line":70,"column":12},"end":{"line":88,"column":13},"skip":true},"15":{"start":{"line":76,"column":16},"end":{"line":87,"column":19},"skip":true},"16":{"start":{"line":79,"column":20},"end":{"line":86,"column":21},"skip":true},"17":{"start":{"line":82,"column":24},"end":{"line":82,"column":43},"skip":true},"18":{"start":{"line":83,"column":24},"end":{"line":83,"column":30},"skip":true},"19":{"start":{"line":85,"column":24},"end":{"line":85,"column":49},"skip":true},"20":{"start":{"line":89,"column":12},"end":{"line":107,"column":13},"skip":true},"21":{"start":{"line":92,"column":16},"end":{"line":102,"column":17},"skip":true},"22":{"start":{"line":93,"column":20},"end":{"line":93,"column":86},"skip":true},"23":{"start":{"line":94,"column":20},"end":{"line":95,"column":45},"skip":true},"24":{"start":{"line":96,"column":20},"end":{"line":96,"column":42},"skip":true},"25":{"start":{"line":97,"column":20},"end":{"line":97,"column":48},"skip":true},"26":{"start":{"line":100,"column":20},"end":{"line":100,"column":85},"skip":true},"27":{"start":{"line":101,"column":20},"end":{"line":101,"column":96},"skip":true},"28":{"start":{"line":103,"column":16},"end":{"line":103,"column":22},"skip":true},"29":{"start":{"line":106,"column":16},"end":{"line":106,"column":22},"skip":true},"30":{"start":{"line":108,"column":12},"end":{"line":120,"column":13},"skip":true},"31":{"start":{"line":114,"column":16},"end":{"line":119,"column":17},"skip":true},"32":{"start":{"line":116,"column":20},"end":{"line":116,"column":78},"skip":true},"33":{"start":{"line":118,"column":20},"end":{"line":118,"column":47},"skip":true},"34":{"start":{"line":123,"column":8},"end":{"line":141,"column":11},"skip":true},"35":{"start":{"line":124,"column":12},"end":{"line":124,"column":54},"skip":true},"36":{"start":{"line":125,"column":12},"end":{"line":140,"column":14},"skip":true},"37":{"start":{"line":126,"column":16},"end":{"line":126,"column":28},"skip":true},"38":{"start":{"line":127,"column":16},"end":{"line":127,"column":69},"skip":true},"39":{"start":{"line":128,"column":16},"end":{"line":128,"column":75},"skip":true},"40":{"start":{"line":129,"column":16},"end":{"line":131,"column":17},"skip":true},"41":{"start":{"line":130,"column":20},"end":{"line":130,"column":27},"skip":true},"42":{"start":{"line":133,"column":16},"end":{"line":137,"column":36},"skip":true},"43":{"start":{"line":134,"column":20},"end":{"line":136,"column":55},"skip":true},"44":{"start":{"line":139,"column":16},"end":{"line":139,"column":57},"skip":true},"45":{"start":{"line":143,"column":8},"end":{"line":147,"column":11},"skip":true},"46":{"start":{"line":144,"column":12},"end":{"line":146,"column":15},"skip":true},"47":{"start":{"line":145,"column":16},"end":{"line":145,"column":70},"skip":true},"48":{"start":{"line":149,"column":8},"end":{"line":149,"column":31},"skip":true},"49":{"start":{"line":150,"column":8},"end":{"line":150,"column":14},"skip":true},"50":{"start":{"line":158,"column":8},"end":{"line":158,"column":31},"skip":true},"51":{"start":{"line":160,"column":8},"end":{"line":160,"column":33},"skip":true},"52":{"start":{"line":161,"column":8},"end":{"line":161,"column":37},"skip":true},"53":{"start":{"line":162,"column":8},"end":{"line":162,"column":35},"skip":true},"54":{"start":{"line":164,"column":8},"end":{"line":164,"column":50},"skip":true},"55":{"start":{"line":166,"column":8},"end":{"line":256,"column":2},"skip":true},"56":{"start":{"line":258,"column":8},"end":{"line":286,"column":9},"skip":true},"57":{"start":{"line":259,"column":12},"end":{"line":269,"column":14},"skip":true},"58":{"start":{"line":271,"column":12},"end":{"line":285,"column":19},"skip":true},"59":{"start":{"line":274,"column":20},"end":{"line":274,"column":35},"skip":true},"60":{"start":{"line":275,"column":20},"end":{"line":284,"column":21},"skip":true},"61":{"start":{"line":277,"column":24},"end":{"line":277,"column":64},"skip":true},"62":{"start":{"line":279,"column":24},"end":{"line":279,"column":40},"skip":true},"63":{"start":{"line":281,"column":24},"end":{"line":281,"column":40},"skip":true},"64":{"start":{"line":283,"column":24},"end":{"line":283,"column":39},"skip":true},"65":{"start":{"line":288,"column":8},"end":{"line":290,"column":9},"skip":true},"66":{"start":{"line":289,"column":12},"end":{"line":289,"column":18},"skip":true},"67":{"start":{"line":291,"column":8},"end":{"line":293,"column":54},"skip":true},"68":{"start":{"line":296,"column":8},"end":{"line":301,"column":37},"skip":true},"69":{"start":{"line":303,"column":8},"end":{"line":303,"column":82},"skip":true},"70":{"start":{"line":306,"column":8},"end":{"line":308,"column":9},"skip":true},"71":{"start":{"line":307,"column":12},"end":{"line":307,"column":82},"skip":true},"72":{"start":{"line":310,"column":8},"end":{"line":312,"column":9},"skip":true},"73":{"start":{"line":311,"column":12},"end":{"line":311,"column":18},"skip":true},"74":{"start":{"line":313,"column":8},"end":{"line":313,"column":54},"skip":true},"75":{"start":{"line":314,"column":8},"end":{"line":314,"column":69},"skip":true},"76":{"start":{"line":315,"column":8},"end":{"line":323,"column":36},"skip":true},"77":{"start":{"line":316,"column":12},"end":{"line":316,"column":61},"skip":true},"78":{"start":{"line":317,"column":12},"end":{"line":320,"column":13},"skip":true},"79":{"start":{"line":318,"column":16},"end":{"line":318,"column":75},"skip":true},"80":{"start":{"line":319,"column":16},"end":{"line":319,"column":23},"skip":true},"81":{"start":{"line":321,"column":12},"end":{"line":321,"column":38},"skip":true},"82":{"start":{"line":322,"column":12},"end":{"line":322,"column":27},"skip":true},"83":{"start":{"line":324,"column":8},"end":{"line":324,"column":14},"skip":true}},"branchMap":{"1":{"line":39,"type":"binary-expr","locations":[{"start":{"line":39,"column":23},"end":{"line":39,"column":62}},{"start":{"line":40,"column":20},"end":{"line":40,"column":70}},{"start":{"line":41,"column":20},"end":{"line":41,"column":71}},{"start":{"line":42,"column":20},"end":{"line":42,"column":29}}]},"2":{"line":44,"type":"binary-expr","locations":[{"start":{"line":44,"column":23},"end":{"line":44,"column":37}},{"start":{"line":45,"column":20},"end":{"line":45,"column":61}},{"start":{"line":46,"column":20},"end":{"line":46,"column":70}},{"start":{"line":47,"column":20},"end":{"line":47,"column":26}}]},"3":{"line":51,"type":"cond-expr","locations":[{"start":{"line":52,"column":14},"end":{"line":52,"column":20}},{"start":{"line":53,"column":14},"end":{"line":53,"column":20}}]},"4":{"line":55,"type":"binary-expr","locations":[{"start":{"line":55,"column":16},"end":{"line":55,"column":44}},{"start":{"line":55,"column":49},"end":{"line":57,"column":43}}]},"5":{"line":55,"type":"cond-expr","locations":[{"start":{"line":56,"column":14},"end":{"line":56,"column":48}},{"start":{"line":57,"column":14},"end":{"line":57,"column":43}}]},"6":{"line":61,"type":"switch","locations":[{"start":{"line":68,"column":4},"end":{"line":150,"column":14},"skip":true},{"start":{"line":156,"column":4},"end":{"line":324,"column":14},"skip":true}]},"7":{"line":70,"type":"if","locations":[{"start":{"line":70,"column":12},"end":{"line":70,"column":12},"skip":true},{"start":{"line":70,"column":12},"end":{"line":70,"column":12},"skip":true}]},"8":{"line":70,"type":"binary-expr","locations":[{"start":{"line":70,"column":16},"end":{"line":70,"column":22},"skip":true},{"start":{"line":70,"column":27},"end":{"line":70,"column":32},"skip":true},{"start":{"line":71,"column":20},"end":{"line":71,"column":39},"skip":true},{"start":{"line":72,"column":20},"end":{"line":72,"column":49},"skip":true},{"start":{"line":73,"column":20},"end":{"line":73,"column":58},"skip":true},{"start":{"line":74,"column":20},"end":{"line":74,"column":69},"skip":true}]},"9":{"line":79,"type":"switch","locations":[{"start":{"line":80,"column":20},"end":{"line":80,"column":33},"skip":true},{"start":{"line":81,"column":20},"end":{"line":83,"column":30},"skip":true},{"start":{"line":84,"column":20},"end":{"line":85,"column":49},"skip":true}]},"10":{"line":89,"type":"switch","locations":[{"start":{"line":90,"column":12},"end":{"line":103,"column":22},"skip":true},{"start":{"line":105,"column":12},"end":{"line":106,"column":22},"skip":true}]},"11":{"line":89,"type":"binary-expr","locations":[{"start":{"line":89,"column":20},"end":{"line":89,"column":25},"skip":true},{"start":{"line":89,"column":29},"end":{"line":89,"column":48},"skip":true},{"start":{"line":89,"column":52},"end":{"line":89,"column":74},"skip":true}]},"12":{"line":92,"type":"if","locations":[{"start":{"line":92,"column":16},"end":{"line":92,"column":16},"skip":true},{"start":{"line":92,"column":16},"end":{"line":92,"column":16},"skip":true}]},"13":{"line":108,"type":"if","locations":[{"start":{"line":108,"column":12},"end":{"line":108,"column":12},"skip":true},{"start":{"line":108,"column":12},"end":{"line":108,"column":12},"skip":true}]},"14":{"line":108,"type":"binary-expr","locations":[{"start":{"line":108,"column":16},"end":{"line":108,"column":61},"skip":true},{"start":{"line":108,"column":66},"end":{"line":108,"column":72},"skip":true},{"start":{"line":108,"column":77},"end":{"line":108,"column":82},"skip":true},{"start":{"line":109,"column":20},"end":{"line":109,"column":39},"skip":true},{"start":{"line":110,"column":20},"end":{"line":110,"column":49},"skip":true},{"start":{"line":111,"column":20},"end":{"line":111,"column":58},"skip":true},{"start":{"line":112,"column":20},"end":{"line":112,"column":68},"skip":true}]},"15":{"line":129,"type":"if","locations":[{"start":{"line":129,"column":16},"end":{"line":129,"column":16},"skip":true},{"start":{"line":129,"column":16},"end":{"line":129,"column":16},"skip":true}]},"16":{"line":134,"type":"cond-expr","locations":[{"start":{"line":135,"column":26},"end":{"line":135,"column":29},"skip":true},{"start":{"line":136,"column":26},"end":{"line":136,"column":54},"skip":true}]},"17":{"line":164,"type":"binary-expr","locations":[{"start":{"line":164,"column":27},"end":{"line":164,"column":43},"skip":true},{"start":{"line":164,"column":47},"end":{"line":164,"column":49},"skip":true}]},"18":{"line":258,"type":"if","locations":[{"start":{"line":258,"column":8},"end":{"line":258,"column":8},"skip":true},{"start":{"line":258,"column":8},"end":{"line":258,"column":8},"skip":true}]},"19":{"line":275,"type":"switch","locations":[{"start":{"line":276,"column":20},"end":{"line":277,"column":64},"skip":true},{"start":{"line":278,"column":20},"end":{"line":279,"column":40},"skip":true},{"start":{"line":280,"column":20},"end":{"line":281,"column":40},"skip":true},{"start":{"line":282,"column":20},"end":{"line":283,"column":39},"skip":true}]},"20":{"line":288,"type":"if","locations":[{"start":{"line":288,"column":8},"end":{"line":288,"column":8},"skip":true},{"start":{"line":288,"column":8},"end":{"line":288,"column":8},"skip":true}]},"21":{"line":288,"type":"binary-expr","locations":[{"start":{"line":288,"column":12},"end":{"line":288,"column":40},"skip":true},{"start":{"line":288,"column":44},"end":{"line":288,"column":67},"skip":true}]},"22":{"line":292,"type":"binary-expr","locations":[{"start":{"line":292,"column":12},"end":{"line":292,"column":50},"skip":true},{"start":{"line":293,"column":12},"end":{"line":293,"column":53},"skip":true}]},"23":{"line":297,"type":"binary-expr","locations":[{"start":{"line":297,"column":12},"end":{"line":297,"column":62},"skip":true},{"start":{"line":298,"column":12},"end":{"line":301,"column":36},"skip":true}]},"24":{"line":303,"type":"binary-expr","locations":[{"start":{"line":303,"column":43},"end":{"line":303,"column":75},"skip":true},{"start":{"line":303,"column":79},"end":{"line":303,"column":81},"skip":true}]},"25":{"line":306,"type":"if","locations":[{"start":{"line":306,"column":8},"end":{"line":306,"column":8},"skip":true},{"start":{"line":306,"column":8},"end":{"line":306,"column":8},"skip":true}]},"26":{"line":310,"type":"if","locations":[{"start":{"line":310,"column":8},"end":{"line":310,"column":8},"skip":true},{"start":{"line":310,"column":8},"end":{"line":310,"column":8},"skip":true}]},"27":{"line":313,"type":"binary-expr","locations":[{"start":{"line":313,"column":27},"end":{"line":313,"column":43},"skip":true},{"start":{"line":313,"column":47},"end":{"line":313,"column":53},"skip":true}]},"28":{"line":317,"type":"if","locations":[{"start":{"line":317,"column":12},"end":{"line":317,"column":12},"skip":true},{"start":{"line":317,"column":12},"end":{"line":317,"column":12},"skip":true}]}},"code":["/*","example.js","","quickstart example","","instruction","    1. save this script as example.js","    2. run the shell command:","        $ npm install npmtest-odbc && PORT=8081 node example.js","    3. play with the browser-demo on http://127.0.0.1:8081","*/","","","","/* istanbul instrument in package npmtest_odbc */","/*jslint","    bitwise: true,","    browser: true,","    maxerr: 8,","    maxlen: 96,","    node: true,","    nomen: true,","    regexp: true,","    stupid: true","*/","(function () {","    'use strict';","    var local;","","","","    // run shared js-env code - pre-init","    (function () {","        // init local","        local = {};","        // init modeJs","        local.modeJs = (function () {","            try {","                return typeof navigator.userAgent === 'string' &&","                    typeof document.querySelector('body') === 'object' &&","                    typeof XMLHttpRequest.prototype.open === 'function' &&","                    'browser';","            } catch (errorCaughtBrowser) {","                return module.exports &&","                    typeof process.versions.node === 'string' &&","                    typeof require('http').createServer === 'function' &&","                    'node';","            }","        }());","        // init global","        local.global = local.modeJs === 'browser'","            ? window","            : global;","        // init utility2_rollup","        local = local.global.utility2_rollup || (local.modeJs === 'browser'","            ? local.global.utility2_npmtest_odbc","            : global.utility2_moduleExports);","        // export local","        local.global.local = local;","    }());","    switch (local.modeJs) {","","","","    // post-init","    // run browser js-env code - post-init","    /* istanbul ignore next */","    case 'browser':","        local.testRunBrowser = function (event) {","            if (!event || (event &&","                    event.currentTarget &&","                    event.currentTarget.className &&","                    event.currentTarget.className.includes &&","                    event.currentTarget.className.includes('onreset'))) {","                // reset output","                Array.from(","                    document.querySelectorAll('body > .resettable')","                ).forEach(function (element) {","                    switch (element.tagName) {","                    case 'INPUT':","                    case 'TEXTAREA':","                        element.value = '';","                        break;","                    default:","                        element.textContent = '';","                    }","                });","            }","            switch (event && event.currentTarget && event.currentTarget.id) {","            case 'testRunButton1':","                // show tests","                if (document.querySelector('#testReportDiv1').style.display === 'none') {","                    document.querySelector('#testReportDiv1').style.display = 'block';","                    document.querySelector('#testRunButton1').textContent =","                        'hide internal test';","                    local.modeTest = true;","                    local.testRunDefault(local);","                // hide tests","                } else {","                    document.querySelector('#testReportDiv1').style.display = 'none';","                    document.querySelector('#testRunButton1').textContent = 'run internal test';","                }","                break;","            // custom-case","            default:","                break;","            }","            if (document.querySelector('#inputTextareaEval1') && (!event || (event &&","                    event.currentTarget &&","                    event.currentTarget.className &&","                    event.currentTarget.className.includes &&","                    event.currentTarget.className.includes('oneval')))) {","                // try to eval input-code","                try {","                    /*jslint evil: true*/","                    eval(document.querySelector('#inputTextareaEval1').value);","                } catch (errorCaught) {","                    console.error(errorCaught);","                }","            }","        };","        // log stderr and stdout to #outputTextareaStdout1","        ['error', 'log'].forEach(function (key) {","            console[key + '_original'] = console[key];","            console[key] = function () {","                var element;","                console[key + '_original'].apply(console, arguments);","                element = document.querySelector('#outputTextareaStdout1');","                if (!element) {","                    return;","                }","                // append text to #outputTextareaStdout1","                element.value += Array.from(arguments).map(function (arg) {","                    return typeof arg === 'string'","                        ? arg","                        : JSON.stringify(arg, null, 4);","                }).join(' ') + '\\n';","                // scroll textarea to bottom","                element.scrollTop = element.scrollHeight;","            };","        });","        // init event-handling","        ['change', 'click', 'keyup'].forEach(function (event) {","            Array.from(document.querySelectorAll('.on' + event)).forEach(function (element) {","                element.addEventListener(event, local.testRunBrowser);","            });","        });","        // run tests","        local.testRunBrowser();","        break;","","","","    // run node js-env code - post-init","    /* istanbul ignore next */","    case 'node':","        // export local","        module.exports = local;","        // require modules","        local.fs = require('fs');","        local.http = require('http');","        local.url = require('url');","        // init assets","        local.assetsDict = local.assetsDict || {};","        /* jslint-ignore-begin */","        local.assetsDict['/assets.index.template.html'] = '\\","<!doctype html>\\n\\","<html lang=\"en\">\\n\\","<head>\\n\\","<meta charset=\"UTF-8\">\\n\\","<meta name=\"viewport\" content=\"width=device-width, initial-scale=1\">\\n\\","<title>{{env.npm_package_name}} (v{{env.npm_package_version}})</title>\\n\\","<style>\\n\\","/*csslint\\n\\","    box-sizing: false,\\n\\","    universal-selector: false\\n\\","*/\\n\\","* {\\n\\","    box-sizing: border-box;\\n\\","}\\n\\","body {\\n\\","    background: #dde;\\n\\","    font-family: Arial, Helvetica, sans-serif;\\n\\","    margin: 2rem;\\n\\","}\\n\\","body > * {\\n\\","    margin-bottom: 1rem;\\n\\","}\\n\\",".utility2FooterDiv {\\n\\","    margin-top: 20px;\\n\\","    text-align: center;\\n\\","}\\n\\","</style>\\n\\","<style>\\n\\","/*csslint\\n\\","*/\\n\\","textarea {\\n\\","    font-family: monospace;\\n\\","    height: 10rem;\\n\\","    width: 100%;\\n\\","}\\n\\","textarea[readonly] {\\n\\","    background: #ddd;\\n\\","}\\n\\","</style>\\n\\","</head>\\n\\","<body>\\n\\","<!-- utility2-comment\\n\\","<div id=\"ajaxProgressDiv1\" style=\"background: #d00; height: 2px; left: 0; margin: 0; padding: 0; position: fixed; top: 0; transition: background 0.5s, width 1.5s; width: 25%;\"></div>\\n\\","utility2-comment -->\\n\\","<h1>\\n\\","<!-- utility2-comment\\n\\","    <a\\n\\","        {{#if env.npm_package_homepage}}\\n\\","        href=\"{{env.npm_package_homepage}}\"\\n\\","        {{/if env.npm_package_homepage}}\\n\\","        target=\"_blank\"\\n\\","    >\\n\\","utility2-comment -->\\n\\","        {{env.npm_package_name}} (v{{env.npm_package_version}})\\n\\","<!-- utility2-comment\\n\\","    </a>\\n\\","utility2-comment -->\\n\\","</h1>\\n\\","<h3>{{env.npm_package_description}}</h3>\\n\\","<!-- utility2-comment\\n\\","<h4><a download href=\"assets.app.js\">download standalone app</a></h4>\\n\\","<button class=\"onclick onreset\" id=\"testRunButton1\">run internal test</button><br>\\n\\","<div id=\"testReportDiv1\" style=\"display: none;\"></div>\\n\\","utility2-comment -->\\n\\","\\n\\","\\n\\","\\n\\","<label>stderr and stdout</label>\\n\\","<textarea class=\"resettable\" id=\"outputTextareaStdout1\" readonly></textarea>\\n\\","<!-- utility2-comment\\n\\","{{#if isRollup}}\\n\\","<script src=\"assets.app.js\"></script>\\n\\","{{#unless isRollup}}\\n\\","utility2-comment -->\\n\\","<script src=\"assets.utility2.rollup.js\"></script>\\n\\","<script src=\"jsonp.utility2._stateInit?callback=window.utility2._stateInit\"></script>\\n\\","<script src=\"assets.npmtest_odbc.rollup.js\"></script>\\n\\","<script src=\"assets.example.js\"></script>\\n\\","<script src=\"assets.test.js\"></script>\\n\\","<!-- utility2-comment\\n\\","{{/if isRollup}}\\n\\","utility2-comment -->\\n\\","<div class=\"utility2FooterDiv\">\\n\\","    [ this app was created with\\n\\","    <a href=\"https://github.com/kaizhu256/node-utility2\" target=\"_blank\">utility2</a>\\n\\","    ]\\n\\","</div>\\n\\","</body>\\n\\","</html>\\n\\","';","        /* jslint-ignore-end */","        if (local.templateRender) {","            local.assetsDict['/'] = local.templateRender(","                local.assetsDict['/assets.index.template.html'],","                {","                    env: local.objectSetDefault(local.env, {","                        npm_package_description: 'the greatest app in the world!',","                        npm_package_name: 'my-app',","                        npm_package_nameAlias: 'my_app',","                        npm_package_version: '0.0.1'","                    })","                }","            );","        } else {","            local.assetsDict['/'] = local.assetsDict['/assets.index.template.html']","                .replace((/\\{\\{env\\.(\\w+?)\\}\\}/g), function (match0, match1) {","                    // jslint-hack","                    String(match0);","                    switch (match1) {","                    case 'npm_package_description':","                        return 'the greatest app in the world!';","                    case 'npm_package_name':","                        return 'my-app';","                    case 'npm_package_nameAlias':","                        return 'my_app';","                    case 'npm_package_version':","                        return '0.0.1';","                    }","                });","        }","        // run the cli","        if (local.global.utility2_rollup || module !== require.main) {","            break;","        }","        local.assetsDict['/assets.example.js'] =","            local.assetsDict['/assets.example.js'] ||","            local.fs.readFileSync(__filename, 'utf8');","        // bug-workaround - long $npm_package_buildCustomOrg","        /* jslint-ignore-begin */","        local.assetsDict['/assets.npmtest_odbc.rollup.js'] =","            local.assetsDict['/assets.npmtest_odbc.rollup.js'] ||","            local.fs.readFileSync(","                local.npmtest_odbc.__dirname + '/lib.npmtest_odbc.js',","                'utf8'","            ).replace((/^#!/), '//');","        /* jslint-ignore-end */","        local.assetsDict['/favicon.ico'] = local.assetsDict['/favicon.ico'] || '';","        // if $npm_config_timeout_exit exists,","        // then exit this process after $npm_config_timeout_exit ms","        if (Number(process.env.npm_config_timeout_exit)) {","            setTimeout(process.exit, Number(process.env.npm_config_timeout_exit));","        }","        // start server","        if (local.global.utility2_serverHttp1) {","            break;","        }","        process.env.PORT = process.env.PORT || '8081';","        console.error('server starting on port ' + process.env.PORT);","        local.http.createServer(function (request, response) {","            request.urlParsed = local.url.parse(request.url);","            if (local.assetsDict[request.urlParsed.pathname] !== undefined) {","                response.end(local.assetsDict[request.urlParsed.pathname]);","                return;","            }","            response.statusCode = 404;","            response.end();","        }).listen(process.env.PORT);","        break;","    }","}());",""],"l":{"26":2,"28":2,"33":2,"35":2,"37":2,"38":2,"39":2,"44":1,"51":2,"55":2,"59":2,"61":2,"69":1,"70":2,"76":2,"79":2,"82":2,"83":2,"85":1,"89":2,"92":1,"93":1,"94":1,"96":1,"97":1,"100":1,"101":1,"103":1,"106":1,"108":2,"114":1,"116":1,"118":1,"123":1,"124":2,"125":2,"126":3,"127":3,"128":3,"129":3,"130":1,"133":3,"134":3,"139":3,"143":1,"144":3,"145":1,"149":1,"150":1,"158":1,"160":1,"161":1,"162":1,"164":1,"166":1,"258":1,"259":1,"271":1,"274":6,"275":6,"277":1,"279":2,"281":1,"283":2,"288":1,"289":1,"291":1,"296":1,"303":1,"306":1,"307":1,"310":1,"311":1,"313":1,"314":1,"315":1,"316":1,"317":1,"318":1,"319":1,"321":1,"322":1,"324":1}},"/home/travis/build/npmtest/node-npmtest-odbc/node_modules/odbc/lib/odbc.js":{"path":"/home/travis/build/npmtest/node-npmtest-odbc/node_modules/odbc/lib/odbc.js","s":{"1":1,"2":1,"3":0,"4":1,"5":1,"6":1,"7":1,"8":1,"9":1,"10":1,"11":1,"12":0,"13":0,"14":0,"15":0,"16":0,"17":0,"18":0,"19":1,"20":0,"21":0,"22":0,"23":0,"24":0,"25":0,"26":0,"27":0,"28":0,"29":0,"30":0,"31":0,"32":0,"33":1,"34":7,"35":7,"36":7,"37":1,"38":0,"39":0,"40":0,"41":0,"42":0,"43":0,"44":0,"45":0,"46":0,"47":0,"48":0,"49":0,"50":0,"51":0,"52":0,"53":0,"54":0,"55":0,"56":0,"57":1,"58":0,"59":0,"60":0,"61":0,"62":0,"63":0,"64":0,"65":0,"66":0,"67":0,"68":0,"69":0,"70":0,"71":0,"72":0,"73":1,"74":0,"75":0,"76":0,"77":0,"78":0,"79":0,"80":0,"81":0,"82":0,"83":0,"84":0,"85":0,"86":1,"87":0,"88":0,"89":0,"90":0,"91":0,"92":1,"93":0,"94":0,"95":0,"96":0,"97":0,"98":0,"99":0,"100":1,"101":0,"102":1,"103":0,"104":0,"105":0,"106":0,"107":0,"108":0,"109":0,"110":0,"111":0,"112":0,"113":0,"114":0,"115":0,"116":0,"117":0,"118":0,"119":0,"120":0,"121":0,"122":0,"123":0,"124":0,"125":0,"126":0,"127":0,"128":1,"129":0,"130":0,"131":0,"132":0,"133":0,"134":0,"135":0,"136":0,"137":0,"138":0,"139":1,"140":0,"141":0,"142":0,"143":0,"144":0,"145":0,"146":0,"147":1,"148":0,"149":0,"150":0,"151":0,"152":0,"153":0,"154":0,"155":0,"156":0,"157":1,"158":0,"159":0,"160":0,"161":0,"162":0,"163":0,"164":0,"165":0,"166":0,"167":0,"168":0,"169":1,"170":0,"171":0,"172":0,"173":1,"174":0,"175":0,"176":0,"177":1,"178":0,"179":0,"180":0,"181":1,"182":0,"183":0,"184":0,"185":1,"186":0,"187":0,"188":0,"189":1,"190":0,"191":0,"192":0,"193":1,"194":0,"195":0,"196":0,"197":1,"198":0,"199":0,"200":0,"201":1,"202":0,"203":0,"204":0,"205":0,"206":0,"207":0,"208":0,"209":0,"210":0,"211":0,"212":0,"213":0,"214":1,"215":0,"216":0,"217":0,"218":0,"219":0,"220":0,"221":0,"222":0,"223":0,"224":0,"225":0,"226":0,"227":1,"228":0,"229":0,"230":0,"231":0,"232":0,"233":0,"234":0,"235":0,"236":0,"237":0,"238":0,"239":0,"240":0,"241":0,"242":0,"243":0,"244":0,"245":1,"246":0,"247":0,"248":0,"249":0,"250":0,"251":0,"252":0,"253":0,"254":0,"255":1,"256":0,"257":0,"258":0,"259":0,"260":0,"261":1,"262":1,"263":1,"264":1,"265":1,"266":1,"267":0,"268":0,"269":0,"270":0,"271":0,"272":0,"273":0,"274":0,"275":0,"276":0,"277":0,"278":0,"279":0,"280":0,"281":0,"282":0,"283":0,"284":1,"285":0,"286":0,"287":0,"288":0,"289":0,"290":0,"291":1,"292":0,"293":0,"294":0,"295":0,"296":0,"297":0,"298":0,"299":0,"300":0,"301":0,"302":0,"303":0,"304":0,"305":0,"306":0,"307":0,"308":0,"309":1,"310":0,"311":0,"312":0,"313":0,"314":0,"315":0,"316":1,"317":0,"318":0,"319":0,"320":0,"321":0,"322":1,"323":1,"324":0,"325":0,"326":0,"327":0,"328":0,"329":0,"330":0,"331":1,"332":1,"333":1,"334":0,"335":0,"336":0,"337":0,"338":0,"339":0,"340":0,"341":1,"342":0,"343":0,"344":0,"345":0,"346":0,"347":0,"348":0,"349":0,"350":0,"351":0,"352":0,"353":0,"354":0,"355":0,"356":0,"357":0,"358":0,"359":0,"360":0,"361":0,"362":0,"363":0,"364":0,"365":1,"366":0,"367":0,"368":0,"369":0,"370":0,"371":0,"372":0,"373":0,"374":0,"375":0,"376":0,"377":0,"378":0,"379":0,"380":0,"381":0,"382":0,"383":0,"384":0,"385":0,"386":0,"387":0,"388":0,"389":0,"390":0,"391":0,"392":0,"393":0,"394":0,"395":0},"b":{"1":[0,0],"2":[0,0],"3":[0,0],"4":[0,0],"5":[0,0],"6":[0,0],"7":[0,0],"8":[0,0],"9":[0,0],"10":[0,0],"11":[0,0],"12":[7,0],"13":[0,0],"14":[0,0],"15":[0,0],"16":[0,0],"17":[0,0],"18":[0,0],"19":[0,0],"20":[0,0],"21":[0,0],"22":[0,0],"23":[0,0],"24":[0,0],"25":[0,0],"26":[0,0],"27":[0,0],"28":[0,0],"29":[0,0],"30":[0,0],"31":[0,0],"32":[0,0],"33":[0,0],"34":[0,0],"35":[0,0],"36":[0,0],"37":[0,0],"38":[0,0],"39":[0,0],"40":[0,0],"41":[0,0],"42":[0,0],"43":[0,0],"44":[0,0],"45":[0,0],"46":[0,0],"47":[0,0],"48":[0,0],"49":[0,0],"50":[0,0],"51":[0,0],"52":[0,0],"53":[0,0],"54":[0,0],"55":[0,0],"56":[0,0],"57":[0,0],"58":[0,0],"59":[0,0],"60":[0,0],"61":[0,0],"62":[0,0],"63":[0,0],"64":[0,0],"65":[0,0],"66":[0,0],"67":[0,0],"68":[0,0],"69":[0,0],"70":[0,0],"71":[0,0],"72":[0,0],"73":[0,0],"74":[0,0],"75":[0,0],"76":[0,0],"77":[0,0],"78":[0,0],"79":[0,0],"80":[0,0],"81":[0,0],"82":[0,0],"83":[0,0],"84":[0,0],"85":[0,0],"86":[0,0],"87":[0,0],"88":[0,0],"89":[0,0],"90":[0,0],"91":[0,0],"92":[0,0],"93":[0,0],"94":[0,0],"95":[0,0],"96":[0,0]},"f":{"1":0,"2":0,"3":0,"4":0,"5":7,"6":0,"7":0,"8":0,"9":0,"10":0,"11":0,"12":0,"13":0,"14":0,"15":0,"16":0,"17":0,"18":0,"19":0,"20":0,"21":0,"22":0,"23":0,"24":0,"25":0,"26":0,"27":0,"28":0,"29":0,"30":0,"31":0,"32":0,"33":0,"34":0,"35":0,"36":0,"37":0,"38":0,"39":0,"40":0,"41":0,"42":0,"43":0,"44":0,"45":0,"46":0,"47":0,"48":0,"49":0,"50":0,"51":0,"52":0,"53":0,"54":0,"55":0,"56":0,"57":0,"58":0,"59":0,"60":0,"61":0,"62":0,"63":0,"64":0,"65":0,"66":0,"67":0,"68":0,"69":0,"70":0,"71":0,"72":0,"73":0,"74":0,"75":0,"76":0,"77":0,"78":0},"fnMap":{"1":{"name":"(anonymous_1)","line":23,"loc":{"start":{"line":23,"column":17},"end":{"line":23,"column":36}}},"2":{"name":"(anonymous_2)","line":36,"loc":{"start":{"line":36,"column":22},"end":{"line":36,"column":63}}},"3":{"name":"(anonymous_3)","line":46,"loc":{"start":{"line":46,"column":28},"end":{"line":46,"column":43}}},"4":{"name":"Database","line":51,"loc":{"start":{"line":51,"column":0},"end":{"line":51,"column":27}}},"5":{"name":"(anonymous_5)","line":83,"loc":{"start":{"line":83,"column":31},"end":{"line":83,"column":46}}},"6":{"name":"(anonymous_6)","line":93,"loc":{"start":{"line":93,"column":26},"end":{"line":93,"column":58}}},"7":{"name":"(anonymous_7)","line":100,"loc":{"start":{"line":100,"column":29},"end":{"line":100,"column":44}}},"8":{"name":"(anonymous_8)","line":105,"loc":{"start":{"line":105,"column":29},"end":{"line":105,"column":50}}},"9":{"name":"(anonymous_9)","line":118,"loc":{"start":{"line":118,"column":37},"end":{"line":118,"column":60}}},"10":{"name":"(anonymous_10)","line":128,"loc":{"start":{"line":128,"column":30},"end":{"line":128,"column":58}}},"11":{"name":"(anonymous_11)","line":145,"loc":{"start":{"line":145,"column":29},"end":{"line":145,"column":44}}},"12":{"name":"(anonymous_12)","line":159,"loc":{"start":{"line":159,"column":27},"end":{"line":159,"column":41}}},"13":{"name":"(anonymous_13)","line":162,"loc":{"start":{"line":162,"column":18},"end":{"line":162,"column":34}}},"14":{"name":"(anonymous_14)","line":169,"loc":{"start":{"line":169,"column":20},"end":{"line":169,"column":35}}},"15":{"name":"(anonymous_15)","line":179,"loc":{"start":{"line":179,"column":31},"end":{"line":179,"column":43}}},"16":{"name":"(anonymous_16)","line":190,"loc":{"start":{"line":190,"column":27},"end":{"line":190,"column":54}}},"17":{"name":"(anonymous_17)","line":202,"loc":{"start":{"line":202,"column":18},"end":{"line":202,"column":34}}},"18":{"name":"cbQuery","line":203,"loc":{"start":{"line":203,"column":4},"end":{"line":203,"column":42}}},"19":{"name":"fetchMore","line":206,"loc":{"start":{"line":206,"column":6},"end":{"line":206,"column":27}}},"20":{"name":"(anonymous_20)","line":211,"loc":{"start":{"line":211,"column":24},"end":{"line":211,"column":45}}},"21":{"name":"(anonymous_21)","line":263,"loc":{"start":{"line":263,"column":33},"end":{"line":263,"column":60}}},"22":{"name":"(anonymous_22)","line":275,"loc":{"start":{"line":275,"column":18},"end":{"line":275,"column":34}}},"23":{"name":"cbQuery","line":284,"loc":{"start":{"line":284,"column":4},"end":{"line":284,"column":35}}},"24":{"name":"(anonymous_24)","line":302,"loc":{"start":{"line":302,"column":37},"end":{"line":302,"column":60}}},"25":{"name":"(anonymous_25)","line":323,"loc":{"start":{"line":323,"column":31},"end":{"line":323,"column":54}}},"26":{"name":"(anonymous_26)","line":348,"loc":{"start":{"line":348,"column":38},"end":{"line":348,"column":52}}},"27":{"name":"(anonymous_27)","line":356,"loc":{"start":{"line":356,"column":36},"end":{"line":356,"column":60}}},"28":{"name":"(anonymous_28)","line":364,"loc":{"start":{"line":364,"column":39},"end":{"line":364,"column":53}}},"29":{"name":"(anonymous_29)","line":372,"loc":{"start":{"line":372,"column":41},"end":{"line":372,"column":55}}},"30":{"name":"(anonymous_30)","line":380,"loc":{"start":{"line":380,"column":42},"end":{"line":380,"column":54}}},"31":{"name":"(anonymous_31)","line":388,"loc":{"start":{"line":388,"column":40},"end":{"line":388,"column":60}}},"32":{"name":"(anonymous_32)","line":396,"loc":{"start":{"line":396,"column":43},"end":{"line":396,"column":55}}},"33":{"name":"(anonymous_33)","line":404,"loc":{"start":{"line":404,"column":45},"end":{"line":404,"column":57}}},"34":{"name":"(anonymous_34)","line":412,"loc":{"start":{"line":412,"column":29},"end":{"line":412,"column":80}}},"35":{"name":"(anonymous_35)","line":418,"loc":{"start":{"line":418,"column":18},"end":{"line":418,"column":34}}},"36":{"name":"(anonymous_36)","line":419,"loc":{"start":{"line":419,"column":54},"end":{"line":419,"column":77}}},"37":{"name":"(anonymous_37)","line":422,"loc":{"start":{"line":422,"column":22},"end":{"line":422,"column":43}}},"38":{"name":"(anonymous_38)","line":433,"loc":{"start":{"line":433,"column":28},"end":{"line":433,"column":77}}},"39":{"name":"(anonymous_39)","line":439,"loc":{"start":{"line":439,"column":18},"end":{"line":439,"column":34}}},"40":{"name":"(anonymous_40)","line":440,"loc":{"start":{"line":440,"column":51},"end":{"line":440,"column":74}}},"41":{"name":"(anonymous_41)","line":443,"loc":{"start":{"line":443,"column":22},"end":{"line":443,"column":43}}},"42":{"name":"(anonymous_42)","line":454,"loc":{"start":{"line":454,"column":30},"end":{"line":454,"column":54}}},"43":{"name":"(anonymous_43)","line":502,"loc":{"start":{"line":502,"column":29},"end":{"line":502,"column":48}}},"44":{"name":"(anonymous_44)","line":505,"loc":{"start":{"line":505,"column":28},"end":{"line":505,"column":49}}},"45":{"name":"(anonymous_45)","line":510,"loc":{"start":{"line":510,"column":22},"end":{"line":510,"column":37}}},"46":{"name":"(anonymous_46)","line":518,"loc":{"start":{"line":518,"column":33},"end":{"line":518,"column":52}}},"47":{"name":"(anonymous_47)","line":537,"loc":{"start":{"line":537,"column":39},"end":{"line":537,"column":61}}},"48":{"name":"(anonymous_48)","line":547,"loc":{"start":{"line":547,"column":18},"end":{"line":547,"column":34}}},"49":{"name":"(anonymous_49)","line":551,"loc":{"start":{"line":551,"column":25},"end":{"line":551,"column":40}}},"50":{"name":"(anonymous_50)","line":556,"loc":{"start":{"line":556,"column":22},"end":{"line":556,"column":45}}},"51":{"name":"(anonymous_51)","line":565,"loc":{"start":{"line":565,"column":20},"end":{"line":565,"column":43}}},"52":{"name":"(anonymous_52)","line":580,"loc":{"start":{"line":580,"column":45},"end":{"line":580,"column":64}}},"53":{"name":"(anonymous_53)","line":585,"loc":{"start":{"line":585,"column":18},"end":{"line":585,"column":34}}},"54":{"name":"(anonymous_54)","line":586,"loc":{"start":{"line":586,"column":29},"end":{"line":586,"column":52}}},"55":{"name":"(anonymous_55)","line":594,"loc":{"start":{"line":594,"column":47},"end":{"line":594,"column":69}}},"56":{"name":"(anonymous_56)","line":604,"loc":{"start":{"line":604,"column":18},"end":{"line":604,"column":34}}},"57":{"name":"(anonymous_57)","line":608,"loc":{"start":{"line":608,"column":25},"end":{"line":608,"column":40}}},"58":{"name":"(anonymous_58)","line":613,"loc":{"start":{"line":613,"column":30},"end":{"line":613,"column":53}}},"59":{"name":"(anonymous_59)","line":622,"loc":{"start":{"line":622,"column":28},"end":{"line":622,"column":51}}},"60":{"name":"(anonymous_60)","line":637,"loc":{"start":{"line":637,"column":39},"end":{"line":637,"column":58}}},"61":{"name":"(anonymous_61)","line":642,"loc":{"start":{"line":642,"column":18},"end":{"line":642,"column":34}}},"62":{"name":"(anonymous_62)","line":643,"loc":{"start":{"line":643,"column":23},"end":{"line":643,"column":38}}},"63":{"name":"(anonymous_63)","line":651,"loc":{"start":{"line":651,"column":36},"end":{"line":651,"column":55}}},"64":{"name":"(anonymous_64)","line":656,"loc":{"start":{"line":656,"column":22},"end":{"line":656,"column":34}}},"65":{"name":"(anonymous_65)","line":657,"loc":{"start":{"line":657,"column":20},"end":{"line":657,"column":35}}},"66":{"name":"(anonymous_66)","line":671,"loc":{"start":{"line":671,"column":34},"end":{"line":671,"column":48}}},"67":{"name":"(anonymous_67)","line":676,"loc":{"start":{"line":676,"column":18},"end":{"line":676,"column":34}}},"68":{"name":"(anonymous_68)","line":677,"loc":{"start":{"line":677,"column":16},"end":{"line":677,"column":37}}},"69":{"name":"Pool","line":689,"loc":{"start":{"line":689,"column":0},"end":{"line":689,"column":24}}},"70":{"name":"(anonymous_70)","line":699,"loc":{"start":{"line":699,"column":22},"end":{"line":699,"column":60}}},"71":{"name":"(anonymous_71)","line":715,"loc":{"start":{"line":715,"column":15},"end":{"line":715,"column":29}}},"72":{"name":"(anonymous_72)","line":723,"loc":{"start":{"line":723,"column":19},"end":{"line":723,"column":31}}},"73":{"name":"(anonymous_73)","line":728,"loc":{"start":{"line":728,"column":34},"end":{"line":728,"column":51}}},"74":{"name":"(anonymous_74)","line":742,"loc":{"start":{"line":742,"column":30},"end":{"line":742,"column":47}}},"75":{"name":"(anonymous_75)","line":753,"loc":{"start":{"line":753,"column":23},"end":{"line":753,"column":43}}},"76":{"name":"(anonymous_76)","line":766,"loc":{"start":{"line":766,"column":13},"end":{"line":766,"column":25}}},"77":{"name":"(anonymous_77)","line":792,"loc":{"start":{"line":792,"column":9},"end":{"line":792,"column":22}}},"78":{"name":"(anonymous_78)","line":797,"loc":{"start":{"line":797,"column":35},"end":{"line":797,"column":47}}}},"statementMap":{"1":{"start":{"line":18,"column":0},"end":{"line":21,"column":3}},"2":{"start":{"line":23,"column":0},"end":{"line":25,"column":1}},"3":{"start":{"line":24,"column":2},"end":{"line":24,"column":31}},"4":{"start":{"line":27,"column":0},"end":{"line":27,"column":29}},"5":{"start":{"line":29,"column":0},"end":{"line":29,"column":35}},"6":{"start":{"line":30,"column":0},"end":{"line":30,"column":32}},"7":{"start":{"line":31,"column":0},"end":{"line":31,"column":52}},"8":{"start":{"line":32,"column":0},"end":{"line":32,"column":50}},"9":{"start":{"line":33,"column":0},"end":{"line":33,"column":44}},"10":{"start":{"line":34,"column":0},"end":{"line":34,"column":54}},"11":{"start":{"line":36,"column":0},"end":{"line":49,"column":1}},"12":{"start":{"line":37,"column":2},"end":{"line":37,"column":9}},"13":{"start":{"line":39,"column":2},"end":{"line":42,"column":3}},"14":{"start":{"line":40,"column":4},"end":{"line":40,"column":17}},"15":{"start":{"line":41,"column":4},"end":{"line":41,"column":19}},"16":{"start":{"line":44,"column":2},"end":{"line":44,"column":29}},"17":{"start":{"line":46,"column":2},"end":{"line":48,"column":5}},"18":{"start":{"line":47,"column":4},"end":{"line":47,"column":16}},"19":{"start":{"line":51,"column":0},"end":{"line":80,"column":1}},"20":{"start":{"line":52,"column":2},"end":{"line":52,"column":18}},"21":{"start":{"line":54,"column":2},"end":{"line":54,"column":26}},"22":{"start":{"line":56,"column":2},"end":{"line":66,"column":3}},"23":{"start":{"line":57,"column":4},"end":{"line":60,"column":5}},"24":{"start":{"line":58,"column":6},"end":{"line":59,"column":48}},"25":{"start":{"line":62,"column":4},"end":{"line":65,"column":5}},"26":{"start":{"line":63,"column":6},"end":{"line":64,"column":19}},"27":{"start":{"line":68,"column":2},"end":{"line":68,"column":62}},"28":{"start":{"line":69,"column":2},"end":{"line":69,"column":33}},"29":{"start":{"line":70,"column":2},"end":{"line":70,"column":45}},"30":{"start":{"line":71,"column":2},"end":{"line":71,"column":25}},"31":{"start":{"line":72,"column":2},"end":{"line":75,"column":5}},"32":{"start":{"line":76,"column":2},"end":{"line":79,"column":5}},"33":{"start":{"line":83,"column":0},"end":{"line":91,"column":3}},"34":{"start":{"line":84,"column":2},"end":{"line":90,"column":3}},"35":{"start":{"line":86,"column":4},"end":{"line":86,"column":45}},"36":{"start":{"line":89,"column":4},"end":{"line":89,"column":41}},"37":{"start":{"line":93,"column":0},"end":{"line":126,"column":2}},"38":{"start":{"line":94,"column":2},"end":{"line":94,"column":18}},"39":{"start":{"line":96,"column":2},"end":{"line":103,"column":3}},"40":{"start":{"line":97,"column":4},"end":{"line":97,"column":31}},"41":{"start":{"line":98,"column":4},"end":{"line":98,"column":26}},"42":{"start":{"line":100,"column":4},"end":{"line":102,"column":7}},"43":{"start":{"line":101,"column":6},"end":{"line":101,"column":53}},"44":{"start":{"line":105,"column":2},"end":{"line":125,"column":5}},"45":{"start":{"line":106,"column":4},"end":{"line":106,"column":28}},"46":{"start":{"line":106,"column":13},"end":{"line":106,"column":28}},"47":{"start":{"line":108,"column":4},"end":{"line":108,"column":21}},"48":{"start":{"line":110,"column":4},"end":{"line":112,"column":5}},"49":{"start":{"line":111,"column":6},"end":{"line":111,"column":53}},"50":{"start":{"line":114,"column":4},"end":{"line":116,"column":5}},"51":{"start":{"line":115,"column":6},"end":{"line":115,"column":49}},"52":{"start":{"line":118,"column":4},"end":{"line":124,"column":7}},"53":{"start":{"line":119,"column":6},"end":{"line":119,"column":30}},"54":{"start":{"line":119,"column":15},"end":{"line":119,"column":30}},"55":{"start":{"line":121,"column":6},"end":{"line":121,"column":28}},"56":{"start":{"line":123,"column":6},"end":{"line":123,"column":29}},"57":{"start":{"line":128,"column":0},"end":{"line":157,"column":1}},"58":{"start":{"line":129,"column":2},"end":{"line":129,"column":19}},"59":{"start":{"line":131,"column":2},"end":{"line":131,"column":47}},"60":{"start":{"line":133,"column":2},"end":{"line":135,"column":3}},"61":{"start":{"line":134,"column":4},"end":{"line":134,"column":51}},"62":{"start":{"line":137,"column":2},"end":{"line":139,"column":3}},"63":{"start":{"line":138,"column":4},"end":{"line":138,"column":47}},"64":{"start":{"line":141,"column":2},"end":{"line":148,"column":3}},"65":{"start":{"line":142,"column":4},"end":{"line":142,"column":31}},"66":{"start":{"line":143,"column":4},"end":{"line":143,"column":26}},"67":{"start":{"line":145,"column":4},"end":{"line":147,"column":7}},"68":{"start":{"line":146,"column":6},"end":{"line":146,"column":53}},"69":{"start":{"line":150,"column":2},"end":{"line":150,"column":52}},"70":{"start":{"line":152,"column":2},"end":{"line":154,"column":3}},"71":{"start":{"line":153,"column":4},"end":{"line":153,"column":26}},"72":{"start":{"line":156,"column":2},"end":{"line":156,"column":16}},"73":{"start":{"line":159,"column":0},"end":{"line":177,"column":2}},"74":{"start":{"line":160,"column":2},"end":{"line":160,"column":18}},"75":{"start":{"line":162,"column":2},"end":{"line":176,"column":5}},"76":{"start":{"line":164,"column":4},"end":{"line":167,"column":5}},"77":{"start":{"line":165,"column":6},"end":{"line":165,"column":23}},"78":{"start":{"line":165,"column":14},"end":{"line":165,"column":23}},"79":{"start":{"line":166,"column":6},"end":{"line":166,"column":20}},"80":{"start":{"line":169,"column":4},"end":{"line":175,"column":7}},"81":{"start":{"line":170,"column":6},"end":{"line":170,"column":29}},"82":{"start":{"line":171,"column":6},"end":{"line":171,"column":23}},"83":{"start":{"line":173,"column":6},"end":{"line":173,"column":22}},"84":{"start":{"line":173,"column":14},"end":{"line":173,"column":22}},"85":{"start":{"line":174,"column":6},"end":{"line":174,"column":20}},"86":{"start":{"line":179,"column":0},"end":{"line":188,"column":1}},"87":{"start":{"line":180,"column":2},"end":{"line":180,"column":18}},"88":{"start":{"line":182,"column":2},"end":{"line":182,"column":37}},"89":{"start":{"line":184,"column":2},"end":{"line":184,"column":25}},"90":{"start":{"line":185,"column":2},"end":{"line":185,"column":19}},"91":{"start":{"line":187,"column":2},"end":{"line":187,"column":15}},"92":{"start":{"line":190,"column":0},"end":{"line":261,"column":2}},"93":{"start":{"line":191,"column":2},"end":{"line":191,"column":18}},"94":{"start":{"line":193,"column":2},"end":{"line":196,"column":3}},"95":{"start":{"line":194,"column":4},"end":{"line":194,"column":16}},"96":{"start":{"line":195,"column":4},"end":{"line":195,"column":18}},"97":{"start":{"line":198,"column":3},"end":{"line":200,"column":3}},"98":{"start":{"line":199,"column":4},"end":{"line":199,"column":62}},"99":{"start":{"line":202,"column":2},"end":{"line":260,"column":5}},"100":{"start":{"line":203,"column":4},"end":{"line":252,"column":5}},"101":{"start":{"line":204,"column":6},"end":{"line":204,"column":18}},"102":{"start":{"line":206,"column":6},"end":{"line":251,"column":7}},"103":{"start":{"line":207,"column":8},"end":{"line":209,"column":9}},"104":{"start":{"line":208,"column":10},"end":{"line":208,"column":44}},"105":{"start":{"line":211,"column":8},"end":{"line":250,"column":11}},"106":{"start":{"line":212,"column":10},"end":{"line":212,"column":51}},"107":{"start":{"line":214,"column":10},"end":{"line":221,"column":11}},"108":{"start":{"line":215,"column":12},"end":{"line":215,"column":51}},"109":{"start":{"line":218,"column":12},"end":{"line":218,"column":33}},"110":{"start":{"line":220,"column":12},"end":{"line":220,"column":31}},"111":{"start":{"line":225,"column":10},"end":{"line":227,"column":11}},"112":{"start":{"line":226,"column":12},"end":{"line":226,"column":31}},"113":{"start":{"line":229,"column":10},"end":{"line":229,"column":51}},"114":{"start":{"line":230,"column":10},"end":{"line":230,"column":28}},"115":{"start":{"line":232,"column":10},"end":{"line":242,"column":11}},"116":{"start":{"line":233,"column":12},"end":{"line":241,"column":13}},"117":{"start":{"line":234,"column":14},"end":{"line":234,"column":53}},"118":{"start":{"line":235,"column":14},"end":{"line":235,"column":52}},"119":{"start":{"line":237,"column":14},"end":{"line":237,"column":38}},"120":{"start":{"line":239,"column":14},"end":{"line":239,"column":52}},"121":{"start":{"line":240,"column":14},"end":{"line":240,"column":35}},"122":{"start":{"line":244,"column":10},"end":{"line":249,"column":11}},"123":{"start":{"line":245,"column":12},"end":{"line":245,"column":31}},"124":{"start":{"line":248,"column":12},"end":{"line":248,"column":26}},"125":{"start":{"line":254,"column":4},"end":{"line":259,"column":5}},"126":{"start":{"line":255,"column":6},"end":{"line":255,"column":44}},"127":{"start":{"line":258,"column":6},"end":{"line":258,"column":36}},"128":{"start":{"line":263,"column":0},"end":{"line":300,"column":2}},"129":{"start":{"line":264,"column":2},"end":{"line":264,"column":18}},"130":{"start":{"line":266,"column":2},"end":{"line":269,"column":3}},"131":{"start":{"line":267,"column":4},"end":{"line":267,"column":16}},"132":{"start":{"line":268,"column":4},"end":{"line":268,"column":18}},"133":{"start":{"line":271,"column":2},"end":{"line":273,"column":3}},"134":{"start":{"line":272,"column":4},"end":{"line":272,"column":57}},"135":{"start":{"line":275,"column":2},"end":{"line":299,"column":5}},"136":{"start":{"line":277,"column":4},"end":{"line":282,"column":5}},"137":{"start":{"line":278,"column":6},"end":{"line":278,"column":44}},"138":{"start":{"line":281,"column":6},"end":{"line":281,"column":36}},"139":{"start":{"line":284,"column":4},"end":{"line":298,"column":5}},"140":{"start":{"line":285,"column":6},"end":{"line":289,"column":7}},"141":{"start":{"line":286,"column":8},"end":{"line":286,"column":22}},"142":{"start":{"line":288,"column":8},"end":{"line":288,"column":22}},"143":{"start":{"line":291,"column":6},"end":{"line":293,"column":7}},"144":{"start":{"line":292,"column":8},"end":{"line":292,"column":42}},"145":{"start":{"line":295,"column":6},"end":{"line":295,"column":22}},"146":{"start":{"line":297,"column":6},"end":{"line":297,"column":20}},"147":{"start":{"line":302,"column":0},"end":{"line":321,"column":2}},"148":{"start":{"line":303,"column":2},"end":{"line":303,"column":26}},"149":{"start":{"line":305,"column":2},"end":{"line":307,"column":3}},"150":{"start":{"line":306,"column":4},"end":{"line":306,"column":48}},"151":{"start":{"line":309,"column":2},"end":{"line":314,"column":3}},"152":{"start":{"line":310,"column":4},"end":{"line":310,"column":46}},"153":{"start":{"line":313,"column":4},"end":{"line":313,"column":38}},"154":{"start":{"line":316,"column":2},"end":{"line":318,"column":3}},"155":{"start":{"line":317,"column":4},"end":{"line":317,"column":38}},"156":{"start":{"line":320,"column":2},"end":{"line":320,"column":16}},"157":{"start":{"line":323,"column":0},"end":{"line":346,"column":2}},"158":{"start":{"line":324,"column":2},"end":{"line":324,"column":26}},"159":{"start":{"line":326,"column":2},"end":{"line":328,"column":3}},"160":{"start":{"line":327,"column":4},"end":{"line":327,"column":48}},"161":{"start":{"line":330,"column":2},"end":{"line":335,"column":3}},"162":{"start":{"line":331,"column":4},"end":{"line":331,"column":46}},"163":{"start":{"line":334,"column":4},"end":{"line":334,"column":38}},"164":{"start":{"line":337,"column":2},"end":{"line":339,"column":3}},"165":{"start":{"line":338,"column":4},"end":{"line":338,"column":38}},"166":{"start":{"line":341,"column":2},"end":{"line":341,"column":35}},"167":{"start":{"line":343,"column":2},"end":{"line":343,"column":21}},"168":{"start":{"line":345,"column":2},"end":{"line":345,"column":14}},"169":{"start":{"line":348,"column":0},"end":{"line":354,"column":2}},"170":{"start":{"line":349,"column":2},"end":{"line":349,"column":18}},"171":{"start":{"line":351,"column":2},"end":{"line":351,"column":33}},"172":{"start":{"line":353,"column":2},"end":{"line":353,"column":14}},"173":{"start":{"line":356,"column":0},"end":{"line":362,"column":2}},"174":{"start":{"line":357,"column":2},"end":{"line":357,"column":18}},"175":{"start":{"line":359,"column":2},"end":{"line":359,"column":41}},"176":{"start":{"line":361,"column":2},"end":{"line":361,"column":14}},"177":{"start":{"line":364,"column":0},"end":{"line":370,"column":2}},"178":{"start":{"line":365,"column":2},"end":{"line":365,"column":18}},"179":{"start":{"line":367,"column":2},"end":{"line":367,"column":38}},"180":{"start":{"line":369,"column":2},"end":{"line":369,"column":14}},"181":{"start":{"line":372,"column":0},"end":{"line":378,"column":2}},"182":{"start":{"line":373,"column":2},"end":{"line":373,"column":18}},"183":{"start":{"line":375,"column":2},"end":{"line":375,"column":37}},"184":{"start":{"line":377,"column":2},"end":{"line":377,"column":14}},"185":{"start":{"line":380,"column":0},"end":{"line":386,"column":2}},"186":{"start":{"line":381,"column":2},"end":{"line":381,"column":18}},"187":{"start":{"line":383,"column":2},"end":{"line":383,"column":35}},"188":{"start":{"line":385,"column":2},"end":{"line":385,"column":14}},"189":{"start":{"line":388,"column":0},"end":{"line":394,"column":2}},"190":{"start":{"line":389,"column":2},"end":{"line":389,"column":18}},"191":{"start":{"line":391,"column":2},"end":{"line":391,"column":41}},"192":{"start":{"line":393,"column":2},"end":{"line":393,"column":14}},"193":{"start":{"line":396,"column":0},"end":{"line":402,"column":2}},"194":{"start":{"line":397,"column":2},"end":{"line":397,"column":18}},"195":{"start":{"line":399,"column":2},"end":{"line":399,"column":38}},"196":{"start":{"line":401,"column":2},"end":{"line":401,"column":14}},"197":{"start":{"line":404,"column":0},"end":{"line":410,"column":2}},"198":{"start":{"line":405,"column":2},"end":{"line":405,"column":18}},"199":{"start":{"line":407,"column":2},"end":{"line":407,"column":37}},"200":{"start":{"line":409,"column":2},"end":{"line":409,"column":14}},"201":{"start":{"line":412,"column":0},"end":{"line":431,"column":2}},"202":{"start":{"line":413,"column":2},"end":{"line":413,"column":18}},"203":{"start":{"line":414,"column":2},"end":{"line":414,"column":35}},"204":{"start":{"line":414,"column":19},"end":{"line":414,"column":35}},"205":{"start":{"line":416,"column":2},"end":{"line":416,"column":57}},"206":{"start":{"line":418,"column":2},"end":{"line":430,"column":5}},"207":{"start":{"line":419,"column":4},"end":{"line":429,"column":7}},"208":{"start":{"line":420,"column":6},"end":{"line":420,"column":47}},"209":{"start":{"line":420,"column":15},"end":{"line":420,"column":47}},"210":{"start":{"line":422,"column":6},"end":{"line":428,"column":9}},"211":{"start":{"line":423,"column":8},"end":{"line":423,"column":27}},"212":{"start":{"line":425,"column":8},"end":{"line":425,"column":28}},"213":{"start":{"line":427,"column":8},"end":{"line":427,"column":22}},"214":{"start":{"line":433,"column":0},"end":{"line":452,"column":2}},"215":{"start":{"line":434,"column":2},"end":{"line":434,"column":18}},"216":{"start":{"line":435,"column":2},"end":{"line":435,"column":35}},"217":{"start":{"line":435,"column":19},"end":{"line":435,"column":35}},"218":{"start":{"line":437,"column":2},"end":{"line":437,"column":57}},"219":{"start":{"line":439,"column":2},"end":{"line":451,"column":5}},"220":{"start":{"line":440,"column":4},"end":{"line":450,"column":7}},"221":{"start":{"line":441,"column":6},"end":{"line":441,"column":47}},"222":{"start":{"line":441,"column":15},"end":{"line":441,"column":47}},"223":{"start":{"line":443,"column":6},"end":{"line":449,"column":9}},"224":{"start":{"line":444,"column":8},"end":{"line":444,"column":27}},"225":{"start":{"line":446,"column":8},"end":{"line":446,"column":28}},"226":{"start":{"line":448,"column":8},"end":{"line":448,"column":22}},"227":{"start":{"line":454,"column":0},"end":{"line":500,"column":2}},"228":{"start":{"line":455,"column":2},"end":{"line":455,"column":18}},"229":{"start":{"line":457,"column":2},"end":{"line":464,"column":3}},"230":{"start":{"line":458,"column":4},"end":{"line":461,"column":7}},"231":{"start":{"line":463,"column":4},"end":{"line":463,"column":17}},"232":{"start":{"line":466,"column":2},"end":{"line":473,"column":3}},"233":{"start":{"line":467,"column":4},"end":{"line":470,"column":11}},"234":{"start":{"line":472,"column":4},"end":{"line":472,"column":17}},"235":{"start":{"
[...]
","  }","  else {","    result = self.conn.querySync(sql);","  }","  ","  if (self.fetchMode) {","    result.fetchMode = self.fetchMode;","  }","  ","  var data = result.fetchAllSync();","  ","  result.closeSync();","  ","  return data;","};","","Database.prototype.beginTransaction = function (cb) {","  var self = this;","  ","  self.conn.beginTransaction(cb);","  ","  return self;","};","","Database.prototype.endTransaction = function (rollback, cb) {","  var self = this;","  ","  self.conn.endTransaction(rollback, cb);","  ","  return self;","};","","Database.prototype.commitTransaction = function (cb) {","  var self = this;","  ","  self.conn.endTransaction(false, cb); //don't rollback","  ","  return self;","};","","Database.prototype.rollbackTransaction = function (cb) {","  var self = this;","  ","  self.conn.endTransaction(true, cb); //rollback","  ","  return self;  ","};","","Database.prototype.beginTransactionSync = function () {","  var self = this;","  ","  self.conn.beginTransactionSync();","  ","  return self;","};","","Database.prototype.endTransactionSync = function (rollback) {","  var self = this;","  ","  self.conn.endTransactionSync(rollback);","  ","  return self;","};","","Database.prototype.commitTransactionSync = function () {","  var self = this;","  ","  self.conn.endTransactionSync(false); //don't rollback","  ","  return self;","};","","Database.prototype.rollbackTransactionSync = function () {","  var self = this;","  ","  self.conn.endTransactionSync(true); //rollback","  ","  return self;  ","};","","Database.prototype.columns = function(catalog, schema, table, column, callback) {","  var self = this;","  if (!self.queue) self.queue = [];","  ","  callback = callback || arguments[arguments.length - 1];","  ","  self.queue.push(function (next) {","    self.conn.columns(catalog, schema, table, column, function (err, result) {","      if (err) return callback(err, [], false);","","      result.fetchAll(function (err, data) {","        result.closeSync();","","        callback(err, data);","        ","        return next();","      });","    });","  });","};","","Database.prototype.tables = function(catalog, schema, table, type, callback) {","  var self = this;","  if (!self.queue) self.queue = [];","  ","  callback = callback || arguments[arguments.length - 1];","  ","  self.queue.push(function (next) {","    self.conn.tables(catalog, schema, table, type, function (err, result) {","      if (err) return callback(err, [], false);","","      result.fetchAll(function (err, data) {","        result.closeSync();","","        callback(err, data);","        ","        return next();","      });","    });","  });","};","","Database.prototype.describe = function(obj, callback) {","  var self = this;","  ","  if (typeof(callback) != \"function\") {","    throw({","      error : \"[node-odbc] Missing Arguments\",","      message : \"You must specify a callback function in order for the describe method to work.\"","    });","    ","    return false;","  }","  ","  if (typeof(obj) != \"object\") {","    callback({","      error : \"[node-odbc] Missing Arguments\",","      message : \"You must pass an object as argument 0 if you want anything productive to happen in the describe method.\"","    }, []);","    ","    return false;","  }","  ","  if (!obj.database) {","    callback({","      error : \"[node-odbc] Missing Arguments\",","      message : \"The object you passed did not contain a database property. This is required for the describe method to work.\"","    }, []);","    ","    return false;","  }","  ","  //set some defaults if they weren't passed","  obj.schema = obj.schema || \"%\";","  obj.type = obj.type || \"table\";","  ","  if (obj.table && obj.column) {","    //get the column details","    self.columns(obj.database, obj.schema, obj.table, obj.column, callback);","  }","  else if (obj.table) {","    //get the columns in the table","    self.columns(obj.database, obj.schema, obj.table, \"%\", callback);","  }","  else {","    //get the tables in the database","    self.tables(obj.database, obj.schema, null, obj.type || \"table\", callback);","  }","};","","Database.prototype.prepare = function (sql, cb) {","  var self = this;","  ","  self.conn.createStatement(function (err, stmt) {","    if (err) return cb(err);","    ","    stmt.queue = new SimpleQueue();","    ","    stmt.prepare(sql, function (err) {","      if (err) return cb(err);","      ","      return cb(null, stmt);","    });","  });","}","","Database.prototype.prepareSync = function (sql, cb) {","  var self = this;","  ","  var stmt = self.conn.createStatementSync();","  ","  stmt.queue = new SimpleQueue();","    ","  stmt.prepareSync(sql);","    ","  return stmt;","}","","//Proxy all of the asynchronous functions so that they are queued","odbc.ODBCStatement.prototype._execute = odbc.ODBCStatement.prototype.execute;","odbc.ODBCStatement.prototype._executeDirect = odbc.ODBCStatement.prototype.executeDirect;","odbc.ODBCStatement.prototype._executeNonQuery = odbc.ODBCStatement.prototype.executeNonQuery;","odbc.ODBCStatement.prototype._prepare = odbc.ODBCStatement.prototype.prepare;","odbc.ODBCStatement.prototype._bind = odbc.ODBCStatement.prototype.bind;","","odbc.ODBCStatement.prototype.execute = function (params, cb) {","  var self = this;","  ","  self.queue = self.queue || new SimpleQueue();","  ","  if (!cb) {","    cb = params;","    params = null;","  }","  ","  self.queue.push(function (next) {","    //If params were passed to this function, then bind them and","    //then execute.","    if (params) {","      self._bind(params, function (err) {","        if (err) {","          return cb(err);","        }","        ","        self._execute(function (err, result) {","          cb(err, result);","          ","          return next();","        });","      });","    }","    //Otherwise execute and pop the next bind call","    else {","      self._execute(function (err, result) {","        cb(err, result);","        ","        //NOTE: We only execute the next queued bind call after","        // we have called execute() or executeNonQuery(). This ensures","        // that we don't call a bind() a bunch of times without ever","        // actually executing that bind. Not ","        self.bindQueue && self.bindQueue.next();","        ","        return next();","      });","    }","  });","};","","odbc.ODBCStatement.prototype.executeDirect = function (sql, cb) {","  var self = this;","  ","  self.queue = self.queue || new SimpleQueue();","  ","  self.queue.push(function (next) {","    self._executeDirect(sql, function (err, result) {","      cb(err, result);","      ","      return next();","    });","  });","};","","odbc.ODBCStatement.prototype.executeNonQuery = function (params, cb) {","  var self = this;","  ","  self.queue = self.queue || new SimpleQueue();","  ","  if (!cb) {","    cb = params;","    params = null;","  }","  ","  self.queue.push(function (next) {","    //If params were passed to this function, then bind them and","    //then executeNonQuery.","    if (params) {","      self._bind(params, function (err) {","        if (err) {","          return cb(err);","        }","        ","        self._executeNonQuery(function (err, result) {","          cb(err, result);","          ","          return next();","        });","      });","    }","    //Otherwise executeNonQuery and pop the next bind call","    else {","      self._executeNonQuery(function (err, result) {","        cb(err, result);","        ","        //NOTE: We only execute the next queued bind call after","        // we have called execute() or executeNonQuery(). This ensures","        // that we don't call a bind() a bunch of times without ever","        // actually executing that bind. Not ","        self.bindQueue && self.bindQueue.next();","        ","        return next();","      });","    }","  });","};","","odbc.ODBCStatement.prototype.prepare = function (sql, cb) {","  var self = this;","  ","  self.queue = self.queue || new SimpleQueue();","  ","  self.queue.push(function (next) {","    self._prepare(sql, function (err) {","      cb(err);","      ","      return next();","    });","  });","};","","odbc.ODBCStatement.prototype.bind = function (ary, cb) {","  var self = this;","  ","  self.bindQueue = self.bindQueue || new SimpleQueue();","  ","  self.bindQueue.push(function () {","    self._bind(ary, function (err) {","      cb(err);","      ","      //NOTE: we do not call next() here because","      //we want to pop the next bind call only","      //after the next execute call","    });","  });","};","","","//proxy the ODBCResult fetch function so that it is queued","odbc.ODBCResult.prototype._fetch = odbc.ODBCResult.prototype.fetch;","","odbc.ODBCResult.prototype.fetch = function (cb) {","  var self = this;","","  self.queue = self.queue || new SimpleQueue();","","  self.queue.push(function (next) {","    self._fetch(function (err, data) {","      if (cb) cb(err, data);","","      return next();","    });","  });","};","","module.exports.Pool = Pool;","","Pool.count = 0;","","function Pool (options) {","  var self = this;","  self.index = Pool.count++;","  self.availablePool = {};","  self.usedPool = {};","  self.odbc = new odbc.ODBC();","  self.options = options || {}","  self.options.odbc = self.odbc;","}","","Pool.prototype.open = function (connectionString, callback) {","  var self = this","    , db","    ;","","  //check to see if we already have a connection for this connection string","  if (self.availablePool[connectionString] && self.availablePool[connectionString].length) {","    db = self.availablePool[connectionString].shift()","    self.usedPool[connectionString].push(db)","","    callback(null, db);","  }","  else {","    db = new Database(self.options);","    db.realClose = db.close;","    ","    db.close = function (cb) {","      //call back early, we can do the rest of this stuff after the client thinks","      //that the connection is closed.","      cb(null);","      ","      ","      //close the connection for real","      //this will kill any temp tables or anything that might be a security issue.","      db.realClose(function () {","         //remove this db from the usedPool","         self.usedPool[connectionString].splice(self.usedPool[connectionString].indexOf(db), 1);","","        //re-open the connection using the connection string","        db.open(connectionString, function (error) {","          if (error) {","            console.error(error);","            return;","          }","          ","          //add this clean connection to the connection pool","          self.availablePool[connectionString] = self.availablePool[connectionString] || [];","          self.availablePool[connectionString].push(db);","          exports.debug && console.dir(self);","        });","      });","    };","    ","    db.open(connectionString, function (error) {","      exports.debug && console.log(\"odbc.js : pool[%s] : pool.db.open callback()\", self.index);","","      self.usedPool[connectionString] = self.usedPool[connectionString] || [];","      self.usedPool[connectionString].push(db);","","      callback(error, db);","    });","  }","};","","Pool.prototype.close = function (callback) {","  var self = this","    , required = 0","    , received = 0","    , connections","    , key","    , x","    ;","","  exports.debug && console.log(\"odbc.js : pool[%s] : pool.close()\", self.index);","  //we set a timeout because a previous db.close() may","  //have caused the a behind the scenes db.open() to prepare","  //a new connection","  setTimeout(function () {","    //merge the available pool and the usedPool","    var pools = {};","","    for (key in self.availablePool) {","      pools[key] = (pools[key] || []).concat(self.availablePool[key]);","    }","","    for (key in self.usedPool) {","      pools[key] = (pools[key] || []).concat(self.usedPool[key]);","    }","","    exports.debug && console.log(\"odbc.js : pool[%s] : pool.close() - setTimeout() callback\", self.index);","    exports.debug && console.dir(pools);","","    if (Object.keys(pools).length == 0) {","      return callback();","    }","","    for (key in pools) {","      connections = pools[key];","      required += connections.length;","","      exports.debug && console.log(\"odbc.js : pool[%s] : pool.close() - processing pools %s - connections: %s\", self.index, key, connections.length);","","      for (x = 0 ; x < connections.length; x ++) {","        (function (x) {","          //call the realClose method to avoid","          //automatically re-opening the connection","          exports.debug && console.log(\"odbc.js : pool[%s] : pool.close() - calling realClose() for connection #%s\", self.index, x);","","          connections[x].realClose(function () {","            exports.debug && console.log(\"odbc.js : pool[%s] : pool.close() - realClose() callback for connection #%s\", self.index, x);","            received += 1;","","            if (received === required) {","              callback();","","              //prevent mem leaks","              self = null;","              connections = null;","              required = null;","              received = null;","              key = null;","","              return;","            }","          });","        })(x);","      }","    }","  }, 2000);","};",""],"l":{"18":1,"23":1,"24":0,"27":1,"29":1,"30":1,"31":1,"32":1,"33":1,"34":1,"36":1,"37":0,"39":0,"40":0,"41":0,"44":0,"46":0,"47":0,"51":1,"52":0,"54":0,"56":0,"57":0,"58":0,"62":0,"63":0,"68":0,"69":0,"70":0,"71":0,"72":0,"76":0,"83":1,"84":7,"86":7,"89":7,"93":1,"94":0,"96":0,"97":0,"98":0,"100":0,"101":0,"105":0,"106":0,"108":0,"110":0,"111":0,"114":0,"115":0,"118":0,"119":0,"121":0,"123":0,"128":1,"129":0,"131":0,"133":0,"134":0,"137":0,"138":0,"141":0,"142":0,"143":0,"145":0,"146":0,"150":0,"152":0,"153":0,"156":0,"159":1,"160":0,"162":0,"164":0,"165":0,"166":0,"169":0,"170":0,"171":0,"173":0,"174":0,"179":1,"180":0,"182":0,"184":0,"185":0,"187":0,"190":1,"191":0,"193":0,"194":0,"195":0,"198":0,"199":0,"202":0,"203":1,"204":0,"206":1,"207":0,"208":0,"211":0,"212":0,"214":0,"215":0,"218":0,"220":0,"225":0,"226":0,"229":0,"230":0,"232":0,"233":0,"234":0,"235":0,"237":0,"239":0,"240":0,"244":0,"245":0,"248":0,"254":0,"255":0,"258":0,"263":1,"264":0,"266":0,"267":0,"268":0,"271":0,"272":0,"275":0,"277":0,"278":0,"281":0,"284":1,"285":0,"286":0,"288":0,"291":0,"292":0,"295":0,"297":0,"302":1,"303":0,"305":0,"306":0,"309":0,"310":0,"313":0,"316":0,"317":0,"320":0,"323":1,"324":0,"326":0,"327":0,"330":0,"331":0,"334":0,"337":0,"338":0,"341":0,"343":0,"345":0,"348":1,"349":0,"351":0,"353":0,"356":1,"357":0,"359":0,"361":0,"364":1,"365":0,"367":0,"369":0,"372":1,"373":0,"375":0,"377":0,"380":1,"381":0,"383":0,"385":0,"388":1,"389":0,"391":0,"393":0,"396":1,"397":0,"399":0,"401":0,"404":1,"405":0,"407":0,"409":0,"412":1,"413":0,"414":0,"416":0,"418":0,"419":0,"420":0,"422":0,"423":0,"425":0,"427":0,"433":1,"434":0,"435":0,"437":0,"439":0,"440":0,"441":0,"443":0,"444":0,"446":0,"448":0,"454":1,"455":0,"457":0,"458":0,"463":0,"466":0,"467":0,"472":0,"475":0,"476":0,"481":0,"485":0,"486":0,"488":0,"490":0,"492":0,"494":0,"498":0,"502":1,"503":0,"505":0,"506":0,"508":0,"510":0,"511":0,"513":0,"518":1,"519":0,"521":0,"523":0,"525":0,"527":0,"531":1,"532":1,"533":1,"534":1,"535":1,"537":1,"538":0,"540":0,"542":0,"543":0,"544":0,"547":0,"550":0,"551":0,"552":0,"553":0,"556":0,"557":0,"559":0,"565":0,"566":0,"572":0,"574":0,"580":1,"581":0,"583":0,"585":0,"586":0,"587":0,"589":0,"594":1,"595":0,"597":0,"599":0,"600":0,"601":0,"604":0,"607":0,"608":0,"609":0,"610":0,"613":0,"614":0,"616":0,"622":0,"623":0,"629":0,"631":0,"637":1,"638":0,"640":0,"642":0,"643":0,"644":0,"646":0,"651":1,"652":0,"654":0,"656":0,"657":0,"658":0,"669":1,"671":1,"672":0,"674":0,"676":0,"677":0,"678":0,"680":0,"685":1,"687":1,"689":1,"690":0,"691":0,"692":0,"693":0,"694":0,"695":0,"696":0,"699":1,"700":0,"705":0,"706":0,"707":0,"709":0,"712":0,"713":0,"715":0,"718":0,"723":0,"725":0,"728":0,"729":0,"730":0,"731":0,"735":0,"736":0,"737":0,"742":0,"743":0,"745":0,"746":0,"748":0,"753":1,"754":0,"762":0,"766":0,"768":0,"770":0,"771":0,"774":0,"775":0,"778":0,"779":0,"781":0,"782":0,"785":0,"786":0,"787":0,"789":0,"791":0,"792":0,"795":0,"797":0,"798":0,"799":0,"801":0,"802":0,"805":0,"806":0,"807":0,"808":0,"809":0,"811":0}},"/home/travis/build/npmtest/node-npmtest-odbc/node_modules/odbc/lib/simple-queue.js":{"path":"/home/travis/build/npmtest/node-npmtest-odbc/node_modules/odbc/lib/simple-queue.js","s":{"1":1,"2":1,"3":0,"4":0,"5":0,"6":1,"7":0,"8":0,"9":0,"10":1,"11":0,"12":0,"13":0,"14":1,"15":0,"16":0,"17":0,"18":0,"19":0,"20":0,"21":0},"b":{"1":[0,0],"2":[0,0]},"f":{"1":0,"2":0,"3":0,"4":0,"5":0},"fnMap":{"1":{"name":"SimpleQueue","line":3,"loc":{"start":{"line":3,"column":0},"end":{"line":3,"column":23}}},"2":{"name":"(anonymous_2)","line":10,"loc":{"start":{"line":10,"column":29},"end":{"line":10,"column":43}}},"3":{"name":"(anonymous_3)","line":18,"loc":{"start":{"line":18,"column":34},"end":{"line":18,"column":46}}},"4":{"name":"(anonymous_4)","line":26,"loc":{"start":{"line":26,"column":29},"end":{"line":26,"column":41}}},"5":{"name":"(anonymous_5)","line":34,"loc":{"start":{"line":34,"column":7},"end":{"line":34,"column":19}}}},"statementMap":{"1":{"start":{"line":1,"column":0},"end":{"line":1,"column":29}},"2":{"start":{"line":3,"column":0},"end":{"line":8,"column":1}},"3":{"start":{"line":4,"column":2},"end":{"line":4,"column":18}},"4":{"start":{"line":6,"column":2},"end":{"line":6,"column":17}},"5":{"start":{"line":7,"column":2},"end":{"line":7,"column":25}},"6":{"start":{"line":10,"column":0},"end":{"line":16,"column":2}},"7":{"start":{"line":11,"column":2},"end":{"line":11,"column":18}},"8":{"start":{"line":13,"column":2},"end":{"line":13,"column":21}},"9":{"start":{"line":15,"column":2},"end":{"line":15,"column":19}},"10":{"start":{"line":18,"column":0},"end":{"line":24,"column":2}},"11":{"start":{"line":19,"column":2},"end":{"line":19,"column":18}},"12":{"start":{"line":21,"column":2},"end":{"line":23,"column":3}},"13":{"start":{"line":22,"column":4},"end":{"line":22,"column":16}},"14":{"start":{"line":26,"column":0},"end":{"line":40,"column":2}},"15":{"start":{"line":27,"column":2},"end":{"line":27,"column":18}},"16":{"start":{"line":29,"column":2},"end":{"line":39,"column":3}},"17":{"start":{"line":30,"column":4},"end":{"line":30,"column":31}},"18":{"start":{"line":32,"column":4},"end":{"line":32,"column":26}},"19":{"start":{"line":34,"column":4},"end":{"line":38,"column":7}},"20":{"start":{"line":35,"column":6},"end":{"line":35,"column":29}},"21":{"start":{"line":37,"column":6},"end":{"line":37,"column":23}}},"branchMap":{"1":{"line":21,"type":"if","locations":[{"start":{"line":21,"column":2},"end":{"line":21,"column":2}},{"start":{"line":21,"column":2},"end":{"line":21,"column":2}}]},"2":{"line":29,"type":"if","locations":[{"start":{"line":29,"column":2},"end":{"line":29,"column":2}},{"start":{"line":29,"column":2},"end":{"line":29,"column":2}}]}},"code":["module.exports = SimpleQueue;","","function SimpleQueue() {","  var self = this;","  ","  self.fifo = [];","  self.executing = false;","}","","SimpleQueue.prototype.push = function (fn) {","  var self = this;","  ","  self.fifo.push(fn);","  ","  self.maybeNext();","};","","SimpleQueue.prototype.maybeNext = function () {","  var self = this;","  ","  if (!self.executing) {","    self.next();","  }","};","","SimpleQueue.prototype.next = function () {","  var self = this;","  ","  if (self.fifo.length) {","    var fn = self.fifo.shift();","    ","    self.executing = true;","    ","    fn(function () {","      self.executing = false;","      ","      self.maybeNext();","    });","  }","};"],"l":{"1":1,"3":1,"4":0,"6":0,"7":0,"10":1,"11":0,"13":0,"15":0,"18":1,"19":0,"21":0,"22":0,"26":1,"27":0,"29":0,"30":0,"32":0,"34":0,"35":0,"37":0}}}